This is XeTeX, Version 3.141592653-2.6-0.999996 (TeX Live 2024) (preloaded format=xelatex 2024.8.7)  7 AUG 2024 15:09
entering extended mode
 restricted \write18 enabled.
 %&-line parsing enabled.
**ReCenterPsychStats.tex
(./ReCenterPsychStats.tex
LaTeX2e <2024-06-01> patch level 2
L3 programming layer <2024-07-20>
(c:/Users/lhbik/AppData/Roaming/TinyTeX/texmf-dist/tex/latex/base/book.cls
Document Class: book 2024/02/08 v1.4n Standard LaTeX document class
(c:/Users/lhbik/AppData/Roaming/TinyTeX/texmf-dist/tex/latex/base/bk11.clo
File: bk11.clo 2024/02/08 v1.4n Standard LaTeX file (size option)
)
\c@part=\count190
\c@chapter=\count191
\c@section=\count192
\c@subsection=\count193
\c@subsubsection=\count194
\c@paragraph=\count195
\c@subparagraph=\count196
\c@figure=\count197
\c@table=\count198
\abovecaptionskip=\skip49
\belowcaptionskip=\skip50
\bibindent=\dimen141
) (c:/Users/lhbik/AppData/Roaming/TinyTeX/texmf-dist/tex/latex/amsmath/amsmath.sty
Package: amsmath 2024/05/23 v2.17q AMS math features
\@mathmargin=\skip51
For additional information on amsmath, use the `?' option.
(c:/Users/lhbik/AppData/Roaming/TinyTeX/texmf-dist/tex/latex/amsmath/amstext.sty
Package: amstext 2021/08/26 v2.01 AMS text
(c:/Users/lhbik/AppData/Roaming/TinyTeX/texmf-dist/tex/latex/amsmath/amsgen.sty
File: amsgen.sty 1999/11/30 v2.0 generic functions
\@emptytoks=\toks17
\ex@=\dimen142
)) (c:/Users/lhbik/AppData/Roaming/TinyTeX/texmf-dist/tex/latex/amsmath/amsbsy.sty
Package: amsbsy 1999/11/29 v1.2d Bold Symbols
\pmbraise@=\dimen143
) (c:/Users/lhbik/AppData/Roaming/TinyTeX/texmf-dist/tex/latex/amsmath/amsopn.sty
Package: amsopn 2022/04/08 v2.04 operator names
)
\inf@bad=\count199
LaTeX Info: Redefining \frac on input line 233.
\uproot@=\count266
\leftroot@=\count267
LaTeX Info: Redefining \overline on input line 398.
LaTeX Info: Redefining \colon on input line 409.
\classnum@=\count268
\DOTSCASE@=\count269
LaTeX Info: Redefining \ldots on input line 495.
LaTeX Info: Redefining \dots on input line 498.
LaTeX Info: Redefining \cdots on input line 619.
\Mathstrutbox@=\box52
\strutbox@=\box53
LaTeX Info: Redefining \big on input line 721.
LaTeX Info: Redefining \Big on input line 722.
LaTeX Info: Redefining \bigg on input line 723.
LaTeX Info: Redefining \Bigg on input line 724.
\big@size=\dimen144
LaTeX Font Info:    Redeclaring font encoding OML on input line 742.
LaTeX Font Info:    Redeclaring font encoding OMS on input line 743.
\macc@depth=\count270
LaTeX Info: Redefining \bmod on input line 904.
LaTeX Info: Redefining \pmod on input line 909.
LaTeX Info: Redefining \smash on input line 939.
LaTeX Info: Redefining \relbar on input line 969.
LaTeX Info: Redefining \Relbar on input line 970.
\c@MaxMatrixCols=\count271
\dotsspace@=\muskip17
\c@parentequation=\count272
\dspbrk@lvl=\count273
\tag@help=\toks18
\row@=\count274
\column@=\count275
\maxfields@=\count276
\andhelp@=\toks19
\eqnshift@=\dimen145
\alignsep@=\dimen146
\tagshift@=\dimen147
\tagwidth@=\dimen148
\totwidth@=\dimen149
\lineht@=\dimen150
\@envbody=\toks20
\multlinegap=\skip52
\multlinetaggap=\skip53
\mathdisplay@stack=\toks21
LaTeX Info: Redefining \[ on input line 2953.
LaTeX Info: Redefining \] on input line 2954.
) (c:/Users/lhbik/AppData/Roaming/TinyTeX/texmf-dist/tex/latex/amsfonts/amssymb.sty
Package: amssymb 2013/01/14 v3.01 AMS font symbols
(c:/Users/lhbik/AppData/Roaming/TinyTeX/texmf-dist/tex/latex/amsfonts/amsfonts.sty
Package: amsfonts 2013/01/14 v3.01 Basic AMSFonts support
\symAMSa=\mathgroup4
\symAMSb=\mathgroup5
LaTeX Font Info:    Redeclaring math symbol \hbar on input line 98.
LaTeX Font Info:    Overwriting math alphabet `\mathfrak' in version `bold'
(Font)                  U/euf/m/n --> U/euf/b/n on input line 106.
)) (c:/Users/lhbik/AppData/Roaming/TinyTeX/texmf-dist/tex/generic/iftex/iftex.sty
Package: iftex 2022/02/03 v1.0f TeX engine tests
) (c:/Users/lhbik/AppData/Roaming/TinyTeX/texmf-dist/tex/latex/unicode-math/unicode-math.sty (c:/Users/lhbik/AppData/Roaming/TinyTeX/texmf-dist/tex/latex/l3kernel/expl3.sty
Package: expl3 2024-07-20 L3 programming layer (loader) 
(c:/Users/lhbik/AppData/Roaming/TinyTeX/texmf-dist/tex/latex/l3backend/l3backend-xetex.def
File: l3backend-xetex.def 2024-05-08 L3 backend support: XeTeX
\g__graphics_track_int=\count277
\l__pdf_internal_box=\box54
\g__pdf_backend_annotation_int=\count278
\g__pdf_backend_link_int=\count279
))
Package: unicode-math 2023/08/13 v0.8r Unicode maths in XeLaTeX and LuaLaTeX
(c:/Users/lhbik/AppData/Roaming/TinyTeX/texmf-dist/tex/latex/unicode-math/unicode-math-xetex.sty
Package: unicode-math-xetex 2023/08/13 v0.8r Unicode maths in XeLaTeX and LuaLaTeX
(c:/Users/lhbik/AppData/Roaming/TinyTeX/texmf-dist/tex/latex/l3packages/xparse/xparse.sty
Package: xparse 2024-05-08 L3 Experimental document command parser
) (c:/Users/lhbik/AppData/Roaming/TinyTeX/texmf-dist/tex/latex/l3packages/l3keys2e/l3keys2e.sty
Package: l3keys2e 2024-05-08 LaTeX2e option processing using LaTeX3 keys
) (c:/Users/lhbik/AppData/Roaming/TinyTeX/texmf-dist/tex/latex/fontspec/fontspec.sty
Package: fontspec 2024/05/11 v2.9e Font selection for XeLaTeX and LuaLaTeX
(c:/Users/lhbik/AppData/Roaming/TinyTeX/texmf-dist/tex/latex/fontspec/fontspec-xetex.sty
Package: fontspec-xetex 2024/05/11 v2.9e Font selection for XeLaTeX and LuaLaTeX
\l__fontspec_script_int=\count280
\l__fontspec_language_int=\count281
\l__fontspec_strnum_int=\count282
\l__fontspec_tmp_int=\count283
\l__fontspec_tmpa_int=\count284
\l__fontspec_tmpb_int=\count285
\l__fontspec_tmpc_int=\count286
\l__fontspec_em_int=\count287
\l__fontspec_emdef_int=\count288
\l__fontspec_strong_int=\count289
\l__fontspec_strongdef_int=\count290
\l__fontspec_tmpa_dim=\dimen151
\l__fontspec_tmpb_dim=\dimen152
\l__fontspec_tmpc_dim=\dimen153
(c:/Users/lhbik/AppData/Roaming/TinyTeX/texmf-dist/tex/latex/base/fontenc.sty
Package: fontenc 2021/04/29 v2.0v Standard LaTeX package
) (c:/Users/lhbik/AppData/Roaming/TinyTeX/texmf-dist/tex/latex/fontspec/fontspec.cfg))) (c:/Users/lhbik/AppData/Roaming/TinyTeX/texmf-dist/tex/latex/base/fix-cm.sty
Package: fix-cm 2020/11/24 v1.1t fixes to LaTeX
(c:/Users/lhbik/AppData/Roaming/TinyTeX/texmf-dist/tex/latex/base/ts1enc.def
File: ts1enc.def 2001/06/05 v3.0e (jk/car/fm) Standard LaTeX file
LaTeX Font Info:    Redeclaring font encoding TS1 on input line 47.
))
\g__um_fam_int=\count291
\g__um_fonts_used_int=\count292
\l__um_primecount_int=\count293
\g__um_primekern_muskip=\muskip18
(c:/Users/lhbik/AppData/Roaming/TinyTeX/texmf-dist/tex/latex/unicode-math/unicode-math-table.tex))) (c:/Users/lhbik/AppData/Roaming/TinyTeX/texmf-dist/tex/latex/lm/lmodern.sty
Package: lmodern 2015/05/01 v1.6.1 Latin Modern Fonts
LaTeX Font Info:    Overwriting symbol font `operators' in version `normal'
(Font)                  OT1/cmr/m/n --> OT1/lmr/m/n on input line 22.
LaTeX Font Info:    Overwriting symbol font `letters' in version `normal'
(Font)                  OML/cmm/m/it --> OML/lmm/m/it on input line 23.
LaTeX Font Info:    Overwriting symbol font `symbols' in version `normal'
(Font)                  OMS/cmsy/m/n --> OMS/lmsy/m/n on input line 24.
LaTeX Font Info:    Overwriting symbol font `largesymbols' in version `normal'
(Font)                  OMX/cmex/m/n --> OMX/lmex/m/n on input line 25.
LaTeX Font Info:    Overwriting symbol font `operators' in version `bold'
(Font)                  OT1/cmr/bx/n --> OT1/lmr/bx/n on input line 26.
LaTeX Font Info:    Overwriting symbol font `letters' in version `bold'
(Font)                  OML/cmm/b/it --> OML/lmm/b/it on input line 27.
LaTeX Font Info:    Overwriting symbol font `symbols' in version `bold'
(Font)                  OMS/cmsy/b/n --> OMS/lmsy/b/n on input line 28.
LaTeX Font Info:    Overwriting symbol font `largesymbols' in version `bold'
(Font)                  OMX/cmex/m/n --> OMX/lmex/m/n on input line 29.
LaTeX Font Info:    Overwriting math alphabet `\mathbf' in version `normal'
(Font)                  OT1/cmr/bx/n --> OT1/lmr/bx/n on input line 31.
LaTeX Font Info:    Overwriting math alphabet `\mathsf' in version `normal'
(Font)                  OT1/cmss/m/n --> OT1/lmss/m/n on input line 32.
LaTeX Font Info:    Overwriting math alphabet `\mathit' in version `normal'
(Font)                  OT1/cmr/m/it --> OT1/lmr/m/it on input line 33.
LaTeX Font Info:    Overwriting math alphabet `\mathtt' in version `normal'
(Font)                  OT1/cmtt/m/n --> OT1/lmtt/m/n on input line 34.
LaTeX Font Info:    Overwriting math alphabet `\mathbf' in version `bold'
(Font)                  OT1/cmr/bx/n --> OT1/lmr/bx/n on input line 35.
LaTeX Font Info:    Overwriting math alphabet `\mathsf' in version `bold'
(Font)                  OT1/cmss/bx/n --> OT1/lmss/bx/n on input line 36.
LaTeX Font Info:    Overwriting math alphabet `\mathit' in version `bold'
(Font)                  OT1/cmr/bx/it --> OT1/lmr/bx/it on input line 37.
LaTeX Font Info:    Overwriting math alphabet `\mathtt' in version `bold'
(Font)                  OT1/cmtt/m/n --> OT1/lmtt/m/n on input line 38.
) (c:/Users/lhbik/AppData/Roaming/TinyTeX/texmf-dist/tex/latex/xcolor/xcolor.sty
Package: xcolor 2023/11/15 v3.01 LaTeX color extensions (UK)
(c:/Users/lhbik/AppData/Roaming/TinyTeX/texmf-dist/tex/latex/graphics-cfg/color.cfg
File: color.cfg 2016/01/02 v1.6 sample color configuration
)
Package xcolor Info: Driver file: xetex.def on input line 274.
(c:/Users/lhbik/AppData/Roaming/TinyTeX/texmf-dist/tex/latex/graphics-def/xetex.def
File: xetex.def 2022/09/22 v5.0n Graphics/color driver for xetex
) (c:/Users/lhbik/AppData/Roaming/TinyTeX/texmf-dist/tex/latex/graphics/mathcolor.ltx)
Package xcolor Info: Model `cmy' substituted by `cmy0' on input line 1350.
Package xcolor Info: Model `RGB' extended on input line 1366.
Package xcolor Info: Model `HTML' substituted by `rgb' on input line 1368.
Package xcolor Info: Model `Hsb' substituted by `hsb' on input line 1369.
Package xcolor Info: Model `tHsb' substituted by `hsb' on input line 1370.
Package xcolor Info: Model `HSB' substituted by `hsb' on input line 1371.
Package xcolor Info: Model `Gray' substituted by `gray' on input line 1372.
Package xcolor Info: Model `wave' substituted by `hsb' on input line 1373.
) (c:/Users/lhbik/AppData/Roaming/TinyTeX/texmf-dist/tex/latex/graphics/dvipsnam.def
File: dvipsnam.def 2016/06/17 v3.0m Driver-dependent file (DPC,SPQR)
) (c:/Users/lhbik/AppData/Roaming/TinyTeX/texmf-dist/tex/latex/xcolor/svgnam.def
File: svgnam.def 2023/11/15 v3.01 Predefined colors according to SVG 1.1 (UK)
) (c:/Users/lhbik/AppData/Roaming/TinyTeX/texmf-dist/tex/latex/xcolor/x11nam.def
File: x11nam.def 2023/11/15 v3.01 Predefined colors according to Unix/X11 (UK)
) (c:/Users/lhbik/AppData/Roaming/TinyTeX/texmf-dist/tex/latex/geometry/geometry.sty
Package: geometry 2020/01/02 v5.9 Page Geometry
(c:/Users/lhbik/AppData/Roaming/TinyTeX/texmf-dist/tex/latex/graphics/keyval.sty
Package: keyval 2022/05/29 v1.15 key=value parser (DPC)
\KV@toks@=\toks22
) (c:/Users/lhbik/AppData/Roaming/TinyTeX/texmf-dist/tex/generic/iftex/ifvtex.sty
Package: ifvtex 2019/10/25 v1.7 ifvtex legacy package. Use iftex instead.
)
\Gm@cnth=\count294
\Gm@cntv=\count295
\c@Gm@tempcnt=\count296
\Gm@bindingoffset=\dimen154
\Gm@wd@mp=\dimen155
\Gm@odd@mp=\dimen156
\Gm@even@mp=\dimen157
\Gm@layoutwidth=\dimen158
\Gm@layoutheight=\dimen159
\Gm@layouthoffset=\dimen160
\Gm@layoutvoffset=\dimen161
\Gm@dimlist=\toks23
) (c:/Users/lhbik/AppData/Roaming/TinyTeX/texmf-dist/tex/latex/fancyvrb/fancyvrb.sty
Package: fancyvrb 2024/01/20 4.5c verbatim text (tvz,hv)
\FV@CodeLineNo=\count297
\FV@InFile=\read2
\FV@TabBox=\box55
\c@FancyVerbLine=\count298
\FV@StepNumber=\count299
\FV@OutFile=\write3
) (c:/Users/lhbik/AppData/Roaming/TinyTeX/texmf-dist/tex/latex/framed/framed.sty
Package: framed 2011/10/22 v 0.96: framed or shaded text with page breaks
\OuterFrameSep=\skip54
\fb@frw=\dimen162
\fb@frh=\dimen163
\FrameRule=\dimen164
\FrameSep=\dimen165
) (c:/Users/lhbik/AppData/Roaming/TinyTeX/texmf-dist/tex/latex/tools/longtable.sty
Package: longtable 2024-04-26 v4.20 Multi-page Table package (DPC)
\LTleft=\skip55
\LTright=\skip56
\LTpre=\skip57
\LTpost=\skip58
\LTchunksize=\count300
\LTcapwidth=\dimen166
\LT@head=\box56
\LT@firsthead=\box57
\LT@foot=\box58
\LT@lastfoot=\box59
\LT@gbox=\box60
\LT@cols=\count301
\LT@rows=\count302
\c@LT@tables=\count303
\c@LT@chunks=\count304
\LT@p@ftn=\toks24
) (c:/Users/lhbik/AppData/Roaming/TinyTeX/texmf-dist/tex/latex/booktabs/booktabs.sty
Package: booktabs 2020/01/12 v1.61803398 Publication quality tables
\heavyrulewidth=\dimen167
\lightrulewidth=\dimen168
\cmidrulewidth=\dimen169
\belowrulesep=\dimen170
\belowbottomsep=\dimen171
\aboverulesep=\dimen172
\abovetopsep=\dimen173
\cmidrulesep=\dimen174
\cmidrulekern=\dimen175
\defaultaddspace=\dimen176
\@cmidla=\count305
\@cmidlb=\count306
\@aboverulesep=\dimen177
\@belowrulesep=\dimen178
\@thisruleclass=\count307
\@lastruleclass=\count308
\@thisrulewidth=\dimen179
) (c:/Users/lhbik/AppData/Roaming/TinyTeX/texmf-dist/tex/latex/tools/array.sty
Package: array 2024/06/14 v2.6d Tabular extension package (FMi)
\col@sep=\dimen180
\ar@mcellbox=\box61
\extrarowheight=\dimen181
\NC@list=\toks25
\extratabsurround=\skip59
\backup@length=\skip60
\ar@cellbox=\box62
) (c:/Users/lhbik/AppData/Roaming/TinyTeX/texmf-dist/tex/latex/tools/calc.sty
Package: calc 2023/07/08 v4.3 Infix arithmetic (KKT,FJ)
\calc@Acount=\count309
\calc@Bcount=\count310
\calc@Adimen=\dimen182
\calc@Bdimen=\dimen183
\calc@Askip=\skip61
\calc@Bskip=\skip62
LaTeX Info: Redefining \setlength on input line 80.
LaTeX Info: Redefining \addtolength on input line 81.
\calc@Ccount=\count311
\calc@Cskip=\skip63
) (c:/Users/lhbik/AppData/Roaming/TinyTeX/texmf-dist/tex/latex/etoolbox/etoolbox.sty
Package: etoolbox 2020/10/05 v2.5k e-TeX tools for LaTeX (JAW)
\etb@tempcnta=\count312
) (c:/Users/lhbik/AppData/Roaming/TinyTeX/texmf-dist/tex/latex/mdwtools/footnote.sty
Package: footnote 1997/01/28 1.13 Save footnotes around boxes
\fn@notes=\box63
\fn@width=\dimen184
) (c:/Users/lhbik/AppData/Roaming/TinyTeX/texmf-dist/tex/latex/graphics/graphicx.sty
Package: graphicx 2021/09/16 v1.2d Enhanced LaTeX Graphics (DPC,SPQR)
(c:/Users/lhbik/AppData/Roaming/TinyTeX/texmf-dist/tex/latex/graphics/graphics.sty
Package: graphics 2024/05/23 v1.4g Standard LaTeX Graphics (DPC,SPQR)
(c:/Users/lhbik/AppData/Roaming/TinyTeX/texmf-dist/tex/latex/graphics/trig.sty
Package: trig 2023/12/02 v1.11 sin cos tan (DPC)
) (c:/Users/lhbik/AppData/Roaming/TinyTeX/texmf-dist/tex/latex/graphics-cfg/graphics.cfg
File: graphics.cfg 2016/06/04 v1.11 sample graphics configuration
)
Package graphics Info: Driver file: xetex.def on input line 106.
)
\Gin@req@height=\dimen185
\Gin@req@width=\dimen186
) (c:/Users/lhbik/AppData/Roaming/TinyTeX/texmf-dist/tex/latex/natbib/natbib.sty
Package: natbib 2010/09/13 8.31b (PWD, AO)
\bibhang=\skip64
\bibsep=\skip65
LaTeX Info: Redefining \cite on input line 694.
\c@NAT@ctr=\count313
) (c:/Users/lhbik/AppData/Roaming/TinyTeX/texmf-dist/tex/latex/bookmark/bookmark.sty
Package: bookmark 2023-12-10 v1.31 PDF bookmarks (HO)
(c:/Users/lhbik/AppData/Roaming/TinyTeX/texmf-dist/tex/latex/hyperref/hyperref.sty
Package: hyperref 2024-07-10 v7.01j Hypertext links for LaTeX
(c:/Users/lhbik/AppData/Roaming/TinyTeX/texmf-dist/tex/latex/kvsetkeys/kvsetkeys.sty
Package: kvsetkeys 2022-10-05 v1.19 Key value parser (HO)
) (c:/Users/lhbik/AppData/Roaming/TinyTeX/texmf-dist/tex/generic/kvdefinekeys/kvdefinekeys.sty
Package: kvdefinekeys 2019-12-19 v1.6 Define keys (HO)
) (c:/Users/lhbik/AppData/Roaming/TinyTeX/texmf-dist/tex/generic/pdfescape/pdfescape.sty
Package: pdfescape 2019/12/09 v1.15 Implements pdfTeX's escape features (HO)
(c:/Users/lhbik/AppData/Roaming/TinyTeX/texmf-dist/tex/generic/ltxcmds/ltxcmds.sty
Package: ltxcmds 2023-12-04 v1.26 LaTeX kernel commands for general use (HO)
) (c:/Users/lhbik/AppData/Roaming/TinyTeX/texmf-dist/tex/generic/pdftexcmds/pdftexcmds.sty
Package: pdftexcmds 2020-06-27 v0.33 Utility functions of pdfTeX for LuaTeX (HO)
(c:/Users/lhbik/AppData/Roaming/TinyTeX/texmf-dist/tex/generic/infwarerr/infwarerr.sty
Package: infwarerr 2019/12/03 v1.5 Providing info/warning/error messages (HO)
)
Package pdftexcmds Info: \pdf@primitive is available.
Package pdftexcmds Info: \pdf@ifprimitive is available.
Package pdftexcmds Info: \pdfdraftmode not found.
)) (c:/Users/lhbik/AppData/Roaming/TinyTeX/texmf-dist/tex/latex/hycolor/hycolor.sty
Package: hycolor 2020-01-27 v1.10 Color options for hyperref/bookmark (HO)
) (c:/Users/lhbik/AppData/Roaming/TinyTeX/texmf-dist/tex/latex/hyperref/nameref.sty
Package: nameref 2023-11-26 v2.56 Cross-referencing by name of section
(c:/Users/lhbik/AppData/Roaming/TinyTeX/texmf-dist/tex/latex/refcount/refcount.sty
Package: refcount 2019/12/15 v3.6 Data extraction from label references (HO)
) (c:/Users/lhbik/AppData/Roaming/TinyTeX/texmf-dist/tex/generic/gettitlestring/gettitlestring.sty
Package: gettitlestring 2019/12/15 v1.6 Cleanup title references (HO)
(c:/Users/lhbik/AppData/Roaming/TinyTeX/texmf-dist/tex/latex/kvoptions/kvoptions.sty
Package: kvoptions 2022-06-15 v3.15 Key value format for package options (HO)
))
\c@section@level=\count314
) (c:/Users/lhbik/AppData/Roaming/TinyTeX/texmf-dist/tex/generic/stringenc/stringenc.sty
Package: stringenc 2019/11/29 v1.12 Convert strings between diff. encodings (HO)
)
\@linkdim=\dimen187
\Hy@linkcounter=\count315
\Hy@pagecounter=\count316
(c:/Users/lhbik/AppData/Roaming/TinyTeX/texmf-dist/tex/latex/hyperref/pd1enc.def
File: pd1enc.def 2024-07-10 v7.01j Hyperref: PDFDocEncoding definition (HO)
) (c:/Users/lhbik/AppData/Roaming/TinyTeX/texmf-dist/tex/generic/intcalc/intcalc.sty
Package: intcalc 2019/12/15 v1.3 Expandable calculations with integers (HO)
)
\Hy@SavedSpaceFactor=\count317
(c:/Users/lhbik/AppData/Roaming/TinyTeX/texmf-dist/tex/latex/hyperref/puenc.def
File: puenc.def 2024-07-10 v7.01j Hyperref: PDF Unicode definition (HO)
)
Package hyperref Info: Option `unicode' set `true' on input line 4040.
Package hyperref Info: Hyper figures OFF on input line 4157.
Package hyperref Info: Link nesting OFF on input line 4162.
Package hyperref Info: Hyper index ON on input line 4165.
Package hyperref Info: Plain pages OFF on input line 4172.
Package hyperref Info: Backreferencing OFF on input line 4177.
Package hyperref Info: Implicit mode ON; LaTeX internals redefined.
Package hyperref Info: Bookmarks ON on input line 4424.
\c@Hy@tempcnt=\count318
(c:/Users/lhbik/AppData/Roaming/TinyTeX/texmf-dist/tex/latex/url/url.sty
\Urlmuskip=\muskip19
Package: url 2013/09/16  ver 3.4  Verb mode for urls, etc.
)
LaTeX Info: Redefining \url on input line 4763.
\XeTeXLinkMargin=\dimen188
(c:/Users/lhbik/AppData/Roaming/TinyTeX/texmf-dist/tex/generic/bitset/bitset.sty
Package: bitset 2019/12/09 v1.3 Handle bit-vector datatype (HO)
(c:/Users/lhbik/AppData/Roaming/TinyTeX/texmf-dist/tex/generic/bigintcalc/bigintcalc.sty
Package: bigintcalc 2019/12/15 v1.5 Expandable calculations on big integers (HO)
))
\Fld@menulength=\count319
\Field@Width=\dimen189
\Fld@charsize=\dimen190
Package hyperref Info: Hyper figures OFF on input line 6042.
Package hyperref Info: Link nesting OFF on input line 6047.
Package hyperref Info: Hyper index ON on input line 6050.
Package hyperref Info: backreferencing OFF on input line 6057.
Package hyperref Info: Link coloring OFF on input line 6062.
Package hyperref Info: Link coloring with OCG OFF on input line 6067.
Package hyperref Info: PDF/A mode OFF on input line 6072.
(c:/Users/lhbik/AppData/Roaming/TinyTeX/texmf-dist/tex/latex/base/atbegshi-ltx.sty
Package: atbegshi-ltx 2021/01/10 v1.0c Emulation of the original atbegshi
package with kernel methods
)
\Hy@abspage=\count320
\c@Item=\count321
\c@Hfootnote=\count322
)
Package hyperref Info: Driver (autodetected): hxetex.
(c:/Users/lhbik/AppData/Roaming/TinyTeX/texmf-dist/tex/latex/hyperref/hxetex.def
File: hxetex.def 2024-07-10 v7.01j Hyperref driver for XeTeX
\pdfm@box=\box64
\c@Hy@AnnotLevel=\count323
\HyField@AnnotCount=\count324
\Fld@listcount=\count325
\c@bookmark@seq@number=\count326
(c:/Users/lhbik/AppData/Roaming/TinyTeX/texmf-dist/tex/latex/rerunfilecheck/rerunfilecheck.sty
Package: rerunfilecheck 2022-07-10 v1.10 Rerun checks for auxiliary files (HO)
(c:/Users/lhbik/AppData/Roaming/TinyTeX/texmf-dist/tex/latex/base/atveryend-ltx.sty
Package: atveryend-ltx 2020/08/19 v1.0a Emulation of the original atveryend package
with kernel methods
) (c:/Users/lhbik/AppData/Roaming/TinyTeX/texmf-dist/tex/generic/uniquecounter/uniquecounter.sty
Package: uniquecounter 2019/12/15 v1.4 Provide unlimited unique counter (HO)
)
Package uniquecounter Info: New unique counter `rerunfilecheck' on input line 285.
)
\Hy@SectionHShift=\skip66
) (c:/Users/lhbik/AppData/Roaming/TinyTeX/texmf-dist/tex/latex/bookmark/bkm-dvipdfm.def
File: bkm-dvipdfm.def 2023-12-10 v1.31 bookmark driver for dvipdfm (HO)
\BKM@id=\count327
))
Package hyperref Info: Option `colorlinks' set `true' on input line 128.
(./ReCenterPsychStats.aux

LaTeX Warning: Label `id' multiply defined.


LaTeX Warning: Label `id' multiply defined.

)
\openout1 = `ReCenterPsychStats.aux'.

LaTeX Font Info:    Checking defaults for OML/cmm/m/it on input line 134.
LaTeX Font Info:    ... okay on input line 134.
LaTeX Font Info:    Checking defaults for OMS/cmsy/m/n on input line 134.
LaTeX Font Info:    ... okay on input line 134.
LaTeX Font Info:    Checking defaults for OT1/cmr/m/n on input line 134.
LaTeX Font Info:    ... okay on input line 134.
LaTeX Font Info:    Checking defaults for T1/cmr/m/n on input line 134.
LaTeX Font Info:    ... okay on input line 134.
LaTeX Font Info:    Checking defaults for TS1/cmr/m/n on input line 134.
LaTeX Font Info:    ... okay on input line 134.
LaTeX Font Info:    Checking defaults for TU/lmr/m/n on input line 134.
LaTeX Font Info:    ... okay on input line 134.
LaTeX Font Info:    Checking defaults for OMX/cmex/m/n on input line 134.
LaTeX Font Info:    ... okay on input line 134.
LaTeX Font Info:    Checking defaults for U/cmr/m/n on input line 134.
LaTeX Font Info:    ... okay on input line 134.
LaTeX Font Info:    Checking defaults for PD1/pdf/m/n on input line 134.
LaTeX Font Info:    ... okay on input line 134.
LaTeX Font Info:    Checking defaults for PU/pdf/m/n on input line 134.
LaTeX Font Info:    ... okay on input line 134.
LaTeX Font Info:    Overwriting math alphabet `\mathrm' in version `normal'
(Font)                  OT1/lmr/m/n --> TU/lmr/m/n on input line 134.
LaTeX Font Info:    Overwriting math alphabet `\mathit' in version `normal'
(Font)                  OT1/lmr/m/it --> TU/lmr/m/it on input line 134.
LaTeX Font Info:    Overwriting math alphabet `\mathbf' in version `normal'
(Font)                  OT1/lmr/bx/n --> TU/lmr/bx/n on input line 134.
LaTeX Font Info:    Overwriting math alphabet `\mathsf' in version `normal'
(Font)                  OT1/lmss/m/n --> TU/lmss/m/n on input line 134.
LaTeX Font Info:    Overwriting math alphabet `\mathsf' in version `bold'
(Font)                  OT1/lmss/bx/n --> TU/lmss/bx/n on input line 134.
LaTeX Font Info:    Overwriting math alphabet `\mathtt' in version `normal'
(Font)                  OT1/lmtt/m/n --> TU/lmtt/m/n on input line 134.
LaTeX Font Info:    Overwriting math alphabet `\mathtt' in version `bold'
(Font)                  OT1/lmtt/m/n --> TU/lmtt/bx/n on input line 134.

Package fontspec Info: 
(fontspec)             latinmodern-math scale = 0.9999967668407183.


Package fontspec Info: 
(fontspec)             latinmodern-math scale = 0.9999967668407183.


Package fontspec Info: 
(fontspec)             latinmodern-math scale = 0.9999967668407183.


Package fontspec Info: 
(fontspec)             Font family 'latinmodern-math.otf(0)' created for font
(fontspec)             'latinmodern-math.otf' with options
(fontspec)             [Scale=MatchLowercase,BoldItalicFont={},ItalicFont={},SmallCapsFont={},Script=Math,BoldFont={latinmodern-math.otf}].
(fontspec)              
(fontspec)              This font family consists of the following NFSS
(fontspec)             series/shapes:
(fontspec)              
(fontspec)             - 'normal' (m/n) with NFSS spec.:
(fontspec)             <->s*[0.9999967668407183]"[latinmodern-math.otf]/OT:script=math;language=dflt;"
(fontspec)             - 'bold' (b/n) with NFSS spec.:
(fontspec)             <->s*[0.9999967668407183]"[latinmodern-math.otf]/OT:script=math;language=dflt;"

LaTeX Font Info:    Font shape `TU/latinmodern-math.otf(0)/m/n' will be
(Font)              scaled to size 10.95pt on input line 134.

Package fontspec Info: 
(fontspec)             latinmodern-math scale = 0.9999967668407183.


Package fontspec Info: 
(fontspec)             latinmodern-math scale = 0.9999967668407183.


Package fontspec Info: 
(fontspec)             latinmodern-math scale = 0.9999967668407183.


Package fontspec Info: 
(fontspec)             latinmodern-math scale = 0.9999967668407183.


Package fontspec Info: 
(fontspec)             latinmodern-math scale = 0.9999967668407183.


Package fontspec Info: 
(fontspec)             Font family 'latinmodern-math.otf(1)' created for font
(fontspec)             'latinmodern-math.otf' with options
(fontspec)             [Scale=MatchLowercase,BoldItalicFont={},ItalicFont={},SmallCapsFont={},Script=Math,SizeFeatures={{Size=9.3075-},{Size=6.57-9.3075,Font=latinmodern-math.otf,Style=MathScript},{Size=-6.57,Font=latinmodern-math.otf,Style=MathScriptScript}},BoldFont={latinmodern-math.otf}].
(fontspec)              
(fontspec)              This font family consists of the following NFSS
(fontspec)             series/shapes:
(fontspec)              
(fontspec)             - 'normal' (m/n) with NFSS spec.:
(fontspec)             <9.3075->s*[0.9999967668407183]"[latinmodern-math.otf]/OT:script=math;language=dflt;"<6.57-9.3075>s*[0.9999967668407183]"[latinmodern-math.otf]/OT:script=math;language=dflt;+ssty=0;"<-6.57>s*[0.9999967668407183]"[latinmodern-math.otf]/OT:script=math;language=dflt;+ssty=1;"
(fontspec)             - 'bold' (b/n) with NFSS spec.:
(fontspec)             <->s*[0.9999967668407183]"[latinmodern-math.otf]/OT:script=math;language=dflt;"

LaTeX Font Info:    Font shape `TU/latinmodern-math.otf(1)/m/n' will be
(Font)              scaled to size 10.95pt on input line 134.
LaTeX Font Info:    Encoding `OT1' has changed to `TU' for symbol font
(Font)              `operators' in the math version `normal' on input line 134.
LaTeX Font Info:    Overwriting symbol font `operators' in version `normal'
(Font)                  OT1/lmr/m/n --> TU/latinmodern-math.otf(1)/m/n on input line 134.
LaTeX Font Info:    Encoding `OT1' has changed to `TU' for symbol font
(Font)              `operators' in the math version `bold' on input line 134.
LaTeX Font Info:    Overwriting symbol font `operators' in version `bold'
(Font)                  OT1/lmr/bx/n --> TU/latinmodern-math.otf(1)/b/n on input line 134.

Package fontspec Info: 
(fontspec)             latinmodern-math scale = 0.9999967668407183.


Package fontspec Info: 
(fontspec)             latinmodern-math scale = 1.000096766517402.


Package fontspec Info: 
(fontspec)             latinmodern-math scale = 0.9999967668407183.


Package fontspec Info: 
(fontspec)             latinmodern-math scale = 1.000096766517402.


Package fontspec Info: 
(fontspec)             latinmodern-math scale = 0.9999967668407183.


Package fontspec Info: 
(fontspec)             latinmodern-math scale = 1.000096766517402.


Package fontspec Info: 
(fontspec)             latinmodern-math scale = 0.9999967668407183.


Package fontspec Info: 
(fontspec)             latinmodern-math scale = 1.000096766517402.


Package fontspec Info: 
(fontspec)             latinmodern-math scale = 0.9999967668407183.


Package fontspec Info: 
(fontspec)             latinmodern-math scale = 1.000096766517402.


Package fontspec Info: 
(fontspec)             Font family 'latinmodern-math.otf(2)' created for font
(fontspec)             'latinmodern-math.otf' with options
(fontspec)             [Scale=MatchLowercase,BoldItalicFont={},ItalicFont={},SmallCapsFont={},Script=Math,SizeFeatures={{Size=9.3075-},{Size=6.57-9.3075,Font=latinmodern-math.otf,Style=MathScript},{Size=-6.57,Font=latinmodern-math.otf,Style=MathScriptScript}},BoldFont={latinmodern-math.otf},ScaleAgain=1.0001,FontAdjustment={\fontdimen
(fontspec)             8\font =7.41315pt\relax \fontdimen 9\font
(fontspec)             =4.3143pt\relax \fontdimen 10\font =4.8618pt\relax
(fontspec)             \fontdimen 11\font =7.5117pt\relax \fontdimen 12\font
(fontspec)             =3.77776pt\relax \fontdimen 13\font =3.97485pt\relax
(fontspec)             \fontdimen 14\font =3.97485pt\relax \fontdimen 15\font
(fontspec)             =3.16455pt\relax \fontdimen 16\font =2.70465pt\relax
(fontspec)             \fontdimen 17\font =2.70465pt\relax \fontdimen 18\font
(fontspec)             =2.7375pt\relax \fontdimen 19\font =2.19pt\relax
(fontspec)             \fontdimen 22\font =2.7375pt\relax \fontdimen 20\font
(fontspec)             =0pt\relax \fontdimen 21\font =0pt\relax }].
(fontspec)              
(fontspec)              This font family consists of the following NFSS
(fontspec)             series/shapes:
(fontspec)              
(fontspec)             - 'normal' (m/n) with NFSS spec.:
(fontspec)             <9.3075->s*[1.000096766517402]"[latinmodern-math.otf]/OT:script=math;language=dflt;"<6.57-9.3075>s*[1.000096766517402]"[latinmodern-math.otf]/OT:script=math;language=dflt;+ssty=0;"<-6.57>s*[1.000096766517402]"[latinmodern-math.otf]/OT:script=math;language=dflt;+ssty=1;"
(fontspec)             - 'bold' (b/n) with NFSS spec.:
(fontspec)             <->s*[1.000096766517402]"[latinmodern-math.otf]/OT:script=math;language=dflt;"

LaTeX Font Info:    Encoding `OMS' has changed to `TU' for symbol font
(Font)              `symbols' in the math version `normal' on input line 134.
LaTeX Font Info:    Overwriting symbol font `symbols' in version `normal'
(Font)                  OMS/lmsy/m/n --> TU/latinmodern-math.otf(2)/m/n on input line 134.
LaTeX Font Info:    Encoding `OMS' has changed to `TU' for symbol font
(Font)              `symbols' in the math version `bold' on input line 134.
LaTeX Font Info:    Overwriting symbol font `symbols' in version `bold'
(Font)                  OMS/lmsy/b/n --> TU/latinmodern-math.otf(2)/b/n on input line 134.

Package fontspec Info: 
(fontspec)             latinmodern-math scale = 0.9999967668407183.


Package fontspec Info: 
(fontspec)             latinmodern-math scale = 0.9998967671640342.


Package fontspec Info: 
(fontspec)             latinmodern-math scale = 0.9999967668407183.


Package fontspec Info: 
(fontspec)             latinmodern-math scale = 0.9998967671640342.


Package fontspec Info: 
(fontspec)             latinmodern-math scale = 0.9999967668407183.


Package fontspec Info: 
(fontspec)             latinmodern-math scale = 0.9998967671640342.


Package fontspec Info: 
(fontspec)             latinmodern-math scale = 0.9999967668407183.


Package fontspec Info: 
(fontspec)             latinmodern-math scale = 0.9998967671640342.


Package fontspec Info: 
(fontspec)             latinmodern-math scale = 0.9999967668407183.


Package fontspec Info: 
(fontspec)             latinmodern-math scale = 0.9998967671640342.


Package fontspec Info: 
(fontspec)             Font family 'latinmodern-math.otf(3)' created for font
(fontspec)             'latinmodern-math.otf' with options
(fontspec)             [Scale=MatchLowercase,BoldItalicFont={},ItalicFont={},SmallCapsFont={},Script=Math,SizeFeatures={{Size=9.3075-},{Size=6.57-9.3075,Font=latinmodern-math.otf,Style=MathScript},{Size=-6.57,Font=latinmodern-math.otf,Style=MathScriptScript}},BoldFont={latinmodern-math.otf},ScaleAgain=0.9999,FontAdjustment={\fontdimen
(fontspec)             8\font =0.438pt\relax \fontdimen 9\font =2.19pt\relax
(fontspec)             \fontdimen 10\font =1.82864pt\relax \fontdimen 11\font
(fontspec)             =1.21545pt\relax \fontdimen 12\font =6.56999pt\relax
(fontspec)             \fontdimen 13\font =0pt\relax }].
(fontspec)              
(fontspec)              This font family consists of the following NFSS
(fontspec)             series/shapes:
(fontspec)              
(fontspec)             - 'normal' (m/n) with NFSS spec.:
(fontspec)             <9.3075->s*[0.9998967671640342]"[latinmodern-math.otf]/OT:script=math;language=dflt;"<6.57-9.3075>s*[0.9998967671640342]"[latinmodern-math.otf]/OT:script=math;language=dflt;+ssty=0;"<-6.57>s*[0.9998967671640342]"[latinmodern-math.otf]/OT:script=math;language=dflt;+ssty=1;"
(fontspec)             - 'bold' (b/n) with NFSS spec.:
(fontspec)             <->s*[0.9998967671640342]"[latinmodern-math.otf]/OT:script=math;language=dflt;"

LaTeX Font Info:    Encoding `OMX' has changed to `TU' for symbol font
(Font)              `largesymbols' in the math version `normal' on input line 134.
LaTeX Font Info:    Overwriting symbol font `largesymbols' in version `normal'
(Font)                  OMX/lmex/m/n --> TU/latinmodern-math.otf(3)/m/n on input line 134.
LaTeX Font Info:    Encoding `OMX' has changed to `TU' for symbol font
(Font)              `largesymbols' in the math version `bold' on input line 134.
LaTeX Font Info:    Overwriting symbol font `largesymbols' in version `bold'
(Font)                  OMX/lmex/m/n --> TU/latinmodern-math.otf(3)/b/n on input line 134.
*geometry* driver: auto-detecting
*geometry* detected driver: xetex
*geometry* verbose mode - [ preamble ] result:
* driver: xetex
* paper: <default>
* layout: <same size as paper>
* layoutoffset:(h,v)=(0.0pt,0.0pt)
* modes: twoside 
* h-part:(L,W,R)=(72.26999pt, 469.75502pt, 72.26999pt)
* v-part:(T,H,B)=(72.26999pt, 650.43001pt, 72.26999pt)
* \paperwidth=614.295pt
* \paperheight=794.96999pt
* \textwidth=469.75502pt
* \textheight=650.43001pt
* \oddsidemargin=0.0pt
* \evensidemargin=0.0pt
* \topmargin=-31.8738pt
* \headheight=12.0pt
* \headsep=19.8738pt
* \topskip=11.0pt
* \footskip=27.46295pt
* \marginparwidth=116.0pt
* \marginparsep=7.0pt
* \columnsep=10.0pt
* \skip\footins=10.0pt plus 4.0pt minus 2.0pt
* \hoffset=0.0pt
* \voffset=0.0pt
* \mag=1000
* \@twocolumnfalse
* \@twosidetrue
* \@mparswitchtrue
* \@reversemarginfalse
* (1in=72.27pt=25.4mm, 1cm=28.453pt)

Package hyperref Info: Link coloring ON on input line 134.
LaTeX Font Info:    Font shape `TU/latinmodern-math.otf(1)/m/n' will be
(Font)              scaled to size 12.0pt on input line 136.
LaTeX Font Info:    Font shape `TU/latinmodern-math.otf(1)/m/n' will be
(Font)              scaled to size 8.0pt on input line 136.
LaTeX Font Info:    Font shape `TU/latinmodern-math.otf(1)/m/n' will be
(Font)              scaled to size 6.0pt on input line 136.
LaTeX Font Info:    Trying to load font information for OML+lmm on input line 136.
(c:/Users/lhbik/AppData/Roaming/TinyTeX/texmf-dist/tex/latex/lm/omllmm.fd
File: omllmm.fd 2015/05/01 v1.6.1 Font defs for Latin Modern
)
LaTeX Font Info:    Font shape `TU/latinmodern-math.otf(2)/m/n' will be
(Font)              scaled to size 12.0011pt on input line 136.
LaTeX Font Info:    Font shape `TU/latinmodern-math.otf(2)/m/n' will be
(Font)              scaled to size 8.00073pt on input line 136.
LaTeX Font Info:    Font shape `TU/latinmodern-math.otf(2)/m/n' will be
(Font)              scaled to size 6.00055pt on input line 136.
LaTeX Font Info:    Font shape `TU/latinmodern-math.otf(3)/m/n' will be
(Font)              scaled to size 11.99872pt on input line 136.
LaTeX Font Info:    Font shape `TU/latinmodern-math.otf(3)/m/n' will be
(Font)              scaled to size 7.99915pt on input line 136.
LaTeX Font Info:    Font shape `TU/latinmodern-math.otf(3)/m/n' will be
(Font)              scaled to size 5.99936pt on input line 136.
LaTeX Font Info:    Trying to load font information for U+msa on input line 136.
(c:/Users/lhbik/AppData/Roaming/TinyTeX/texmf-dist/tex/latex/amsfonts/umsa.fd
File: umsa.fd 2013/01/14 v3.01 AMS symbols A
)
LaTeX Font Info:    Trying to load font information for U+msb on input line 136.
(c:/Users/lhbik/AppData/Roaming/TinyTeX/texmf-dist/tex/latex/amsfonts/umsb.fd
File: umsb.fd 2013/01/14 v3.01 AMS symbols B
)

[1


]

[2

] (./ReCenterPsychStats.toc
LaTeX Font Info:    Font shape `TU/latinmodern-math.otf(1)/m/n' will be
(Font)              scaled to size 7.665pt on input line 2.
LaTeX Font Info:    Font shape `TU/latinmodern-math.otf(1)/m/n' will be
(Font)              scaled to size 5.475pt on input line 2.
LaTeX Font Info:    Font shape `TU/latinmodern-math.otf(2)/m/n' will be
(Font)              scaled to size 10.95099pt on input line 2.
LaTeX Font Info:    Font shape `TU/latinmodern-math.otf(2)/m/n' will be
(Font)              scaled to size 7.66568pt on input line 2.
LaTeX Font Info:    Font shape `TU/latinmodern-math.otf(2)/m/n' will be
(Font)              scaled to size 5.4755pt on input line 2.
LaTeX Font Info:    Font shape `TU/latinmodern-math.otf(3)/m/n' will be
(Font)              scaled to size 10.94882pt on input line 2.
LaTeX Font Info:    Font shape `TU/latinmodern-math.otf(3)/m/n' will be
(Font)              scaled to size 7.66417pt on input line 2.
LaTeX Font Info:    Font shape `TU/latinmodern-math.otf(3)/m/n' will be
(Font)              scaled to size 5.47441pt on input line 2.


[3]

[4]

[5]

[6]

[7]

[8]

[9]

[10]

[11]

[12]

[13]

[14]

[15])
\tf@toc=\write4
\openout4 = `ReCenterPsychStats.toc'.



[16]

[17]

[18

]
File: images/ReCenterPsychStats-bookcover2.jpg Graphic file (type bmp)
<images/ReCenterPsychStats-bookcover2.jpg>

Underfull \hbox (badness 10000) in paragraph at lines 145--146
[]
 []


Underfull \vbox (badness 10000) has occurred while \output is active []



[19]
Overfull \vbox (155.12541pt too high) has occurred while \output is active []



[20]

[21]

[22

]
Underfull \hbox (badness 1009) in paragraph at lines 178--179
\TU/lmr/m/n/10.95 practitioner, scientist-practitioner, or clinical-scientist. An emerging model, the \TU/lmr/m/it/10.95 scientist-
 []



[23]

[24]

[25

]

[26]
Chapter 1.


[27

]

[28]

Package hyperref Warning: Suppressing link with empty target on input line 326.



[29]
LaTeX Font Info:    Font shape `TU/lmtt/bx/n' in size <10.95> not available
(Font)              Font shape `TU/lmtt/b/n' tried instead on input line 354.

Overfull \hbox (50.23422pt too wide) in paragraph at lines 385--385
[]|\TU/lmr/m/n/10.95 SPFC.Decolonize.Opt.Out|  
 []

[30]
Overfull \hbox (2.36592pt too wide) in paragraph at lines 404--404
[]|\TU/lmr/m/n/10.95 IncrUnderstanding|  
 []


Overfull \hbox (12.62607pt too wide) in paragraph at lines 409--409
[]|\TU/lmr/m/n/10.95 ClearResponsibilities|  
 []


Overfull \hbox (8.83736pt too wide) in paragraph at lines 425--425
[]|\TU/lmr/m/n/10.95 AccessibleInstructor|  
 []

[31]

[32]
Chapter 2.


[33

]
Underfull \hbox (badness 10000) in paragraph at lines 500--502

 []



[34]

[35]

[36]

[37]

[38]

[39]

[40]
Underfull \hbox (badness 10000) in paragraph at lines 868--869
[]\TU/lmr/m/n/10.95 R Markdown Reference guide: [][]$[][][][][] [] [] [] [][][] [] [][][][][][][] [] [][][] [] [][] [][] [][][][][][][] [] [][][][][][][] [] [][][][] [] [][] []
 []



[41]

[42]

[43]

[44]
Chapter 3.


[45

]

[46]
Underfull \vbox (badness 10000) detected at line 1244
 []


Underfull \vbox (badness 10000) detected at line 1244
 []



[47]
Underfull \vbox (badness 10000) detected at line 1244
 []


Underfull \vbox (badness 10000) detected at line 1244
 []



[48]

[49]

[50]
Overfull \hbox (7.40582pt too wide) in paragraph at lines 1322--1323
[]\TU/lmr/m/n/10.95 Abbreviation  
 []


Overfull \hbox (11.06259pt too wide) in paragraph at lines 1324--1325
[]\TU/lmr/m/n/10.95 Unabbreviated  
 []


Overfull \hbox (2.79933pt too wide) in paragraph at lines 1365--1365
[]|\TU/lmr/m/n/10.95 mAggr|  
 []


Overfull \hbox (6.39093pt too wide) in paragraph at lines 1368--1368
[]|\TU/lmr/m/n/10.95 psyDist|  
 []


Overfull \hbox (6.42378pt too wide) in paragraph at lines 1369--1369
[]|\TU/lmr/m/n/10.95 Alcohol|  
 []


Overfull \hbox (3.91623pt too wide) in paragraph at lines 1370--1370
[]|\TU/lmr/m/n/10.95 drProb|  
 []


Overfull \hbox (6.42378pt too wide) in paragraph at lines 1371--1371
[]|\TU/lmr/m/n/10.95 RacEth|  
 []



[51]

[52]
File: 03-Preliminaries_files/figure-latex/unnamed-chunk-10-1.pdf Graphic file (type pdf)
<use 03-Preliminaries_files/figure-latex/unnamed-chunk-10-1.pdf>


[53]

[54]

[55]

[56]
File: 03-Preliminaries_files/figure-latex/unnamed-chunk-20-1.pdf Graphic file (type pdf)
<use 03-Preliminaries_files/figure-latex/unnamed-chunk-20-1.pdf>


[57]

[58]

[59]

[60]

[61]

[62]

[63]

[64]

[65]

[66]
File: 03-Preliminaries_files/figure-latex/unnamed-chunk-48-1.pdf Graphic file (type pdf)
<use 03-Preliminaries_files/figure-latex/unnamed-chunk-48-1.pdf>

Underfull \vbox (badness 2181) has occurred while \output is active []



[67]
File: 03-Preliminaries_files/figure-latex/unnamed-chunk-49-1.pdf Graphic file (type pdf)
<use 03-Preliminaries_files/figure-latex/unnamed-chunk-49-1.pdf>

Underfull \vbox (badness 10000) has occurred while \output is active []



[68]

[69]

[70] [71]

[72]

[73]

[74]

[75]
File: 03-Preliminaries_files/figure-latex/unnamed-chunk-59-1.pdf Graphic file (type pdf)
<use 03-Preliminaries_files/figure-latex/unnamed-chunk-59-1.pdf>

Underfull \vbox (badness 10000) has occurred while \output is active []



[76]
Underfull \vbox (badness 10000) has occurred while \output is active []



[77]
Overfull \hbox (128.11485pt too wide) in paragraph at lines 2623--2623
[]\TU/lmtt/m/n/10.95 The ability to suppress reporting of reporting confidence intervals has been deprecated in this version.[] 
 []



[78]
Underfull \hbox (badness 2512) in paragraph at lines 2671--2672
[]\TU/lmr/m/n/10.95 Our sample included 713 participants who self-identified as Asian American,
 []


Underfull \hbox (badness 1092) in paragraph at lines 2671--2672
\TU/lmr/m/n/10.95 Black/African American, and Latinx American. Inspection of the characteris-
 []



[79] [80]

[81]
File: 03-Preliminaries_files/figure-latex/unnamed-chunk-129-1.pdf Graphic file (type pdf)
<use 03-Preliminaries_files/figure-latex/unnamed-chunk-129-1.pdf>

Underfull \vbox (badness 10000) has occurred while \output is active []



[82]

[83]

[84]

[85]

[86]

[87]

[88]

[89]

[90]

[91

]

[92

]
Chapter 4.


[93]
Underfull \hbox (badness 10000) in paragraph at lines 3377--3379
[][][] [] [][][][][][][][][][][] [] [][][][][][][] [] [][][][][][][][][][] [] [][][][] [] [][] [] [][][][][][][][] [] [][][][][][][][][][] [] [][][][] [] [][] [][]
 []



[94]
File: 04-tOneSample_files/figure-latex/unnamed-chunk-4-1.pdf Graphic file (type pdf)
<use 04-tOneSample_files/figure-latex/unnamed-chunk-4-1.pdf>

Underfull \vbox (badness 10000) has occurred while \output is active []



[95]

[96]

[97]
File: 04-tOneSample_files/figure-latex/unnamed-chunk-11-1.pdf Graphic file (type pdf)
<use 04-tOneSample_files/figure-latex/unnamed-chunk-11-1.pdf>


[98]

[99]
File: 04-tOneSample_files/figure-latex/unnamed-chunk-15-1.pdf Graphic file (type pdf)
<use 04-tOneSample_files/figure-latex/unnamed-chunk-15-1.pdf>


[100]
File: 04-tOneSample_files/figure-latex/unnamed-chunk-18-1.pdf Graphic file (type pdf)
<use 04-tOneSample_files/figure-latex/unnamed-chunk-18-1.pdf>


[101]

[102]

[103]
File: 04-tOneSample_files/figure-latex/unnamed-chunk-21-1.pdf Graphic file (type pdf)
<use 04-tOneSample_files/figure-latex/unnamed-chunk-21-1.pdf>

Underfull \hbox (badness 1132) in paragraph at lines 3749--3750
\TU/lmr/m/n/10.95 with the data, a one-sided test can be more powerful, that is, there is greater proba-
 []



[104]
File: images/ttests/onesample.jpg Graphic file (type bmp)
<images/ttests/onesample.jpg>


[105]
File: images/ttests/OneSampleWrkFlw.jpg Graphic file (type bmp)
<images/ttests/OneSampleWrkFlw.jpg>


[106]

[107]

[108]
File: 04-tOneSample_files/figure-latex/unnamed-chunk-29-1.pdf Graphic file (type pdf)
<use 04-tOneSample_files/figure-latex/unnamed-chunk-29-1.pdf>

Underfull \vbox (badness 7308) has occurred while \output is active []



[109]
File: 04-tOneSample_files/figure-latex/unnamed-chunk-30-1.pdf Graphic file (type pdf)
<use 04-tOneSample_files/figure-latex/unnamed-chunk-30-1.pdf>

Underfull \vbox (badness 10000) has occurred while \output is active []



[110]

[111]

[112]

[113]

[114]
File: images/ttests/OneSampleAssmptns.jpg Graphic file (type bmp)
<images/ttests/OneSampleAssmptns.jpg>


[115]
Underfull \hbox (badness 1540) in paragraph at lines 4207--4208
\TU/lmr/m/n/10.95 Thus, we need only to assess whether the test variable is normally distributed. The
 []



[116]
File: images/ttests/OneSampleT.jpg Graphic file (type bmp)
<images/ttests/OneSampleT.jpg>


[117]

[118]
Overfull \hbox (24.02905pt too wide) in paragraph at lines 4336--4337
[]\TU/lmr/m/n/10.95 From these results, we can begin to complete our \TU/lmr/m/it/10.95 t \TU/lmr/m/n/10.95 string: $[][][][][] [] [][][][][][][] [] [] [][][][][] [][][][][][][][][][] [][][][][][][] [] []
 []


Underfull \hbox (badness 1210) in paragraph at lines 4347--4348
\TU/lmr/m/n/10.95 The sample mean 10.008 (\TU/lmr/m/it/10.95 SD \TU/lmr/m/n/10.95 = 2.7016) was significantly different from 1.23,
 []



[119]
File: 04-tOneSample_files/figure-latex/unnamed-chunk-42-1.pdf Graphic file (type pdf)
<use 04-tOneSample_files/figure-latex/unnamed-chunk-42-1.pdf>


[120]

[121]

[122] [123]
Underfull \vbox (badness 5787) has occurred while \output is active []



[124]
Overfull \hbox (110.8686pt too wide) in paragraph at lines 4604--4604
[]\TU/lmtt/m/n/10.95 i Use the conflicted package (<http://conflicted.r-lib.org/>) to force all conflicts to become errors[] 
 []



[125]

[126]

[127]
File: 04-tOneSample_files/figure-latex/unnamed-chunk-104-1.pdf Graphic file (type pdf)
<use 04-tOneSample_files/figure-latex/unnamed-chunk-104-1.pdf>


[128]

[129]

[130]

[131]

[132]
Chapter 5.


[133

]
Underfull \hbox (badness 10000) in paragraph at lines 5062--5063
[][][][][][][][][][] [] [][][] [] [][][][][][][][][][][] [] [][][][][][][] [] [][][][][][][][][][] [] [][][][] [] [][] [] [][][][][][][][] [] [][][][][][][][][][] [] [][][][] [] [][] [][]
 []



[134]
File: images/ttests/conditions_paired.jpg Graphic file (type bmp)
<images/ttests/conditions_paired.jpg>
File: images/ttests/IndSampleWrkFlw.jpg Graphic file (type bmp)
<images/ttests/IndSampleWrkFlw.jpg>

Underfull \vbox (badness 1924) has occurred while \output is active []



[135]

[136]

[137]

[138]
File: 05-tIndSample_files/figure-latex/unnamed-chunk-10-1.pdf Graphic file (type pdf)
<use 05-tIndSample_files/figure-latex/unnamed-chunk-10-1.pdf>

Underfull \vbox (badness 2111) has occurred while \output is active []



[139]

[140]

[141]

[142]

[143]
File: images/ttests/IndSampleAssmptns.jpg Graphic file (type bmp)
<images/ttests/IndSampleAssmptns.jpg>


[144]

[145]

[146]

[147]
Overfull \hbox (110.8686pt too wide) in paragraph at lines 5620--5620
[]\TU/lmtt/m/n/10.95 i Use the conflicted package (<http://conflicted.r-lib.org/>) to force all conflicts to become errors[] 
 []



[148]
File: images/ttests/IntSampT.jpg Graphic file (type bmp)
<images/ttests/IntSampT.jpg>


[149]
Overfull \hbox (10.54741pt too wide) in paragraph at lines 5750--5751
[]\TU/lmr/m/n/10.95 We can update our \TU/lmr/m/it/10.95 t \TU/lmr/m/n/10.95 string to include the effect size: $[][][][][] [] [][][][][][][] [] [] [][][][][][] [][][][][][][][][][][] [][][][][][] [] []
 []



[150]

[151]

[152]

[153]
File: 05-tIndSample_files/figure-latex/unnamed-chunk-27-1.pdf Graphic file (type pdf)
<use 05-tIndSample_files/figure-latex/unnamed-chunk-27-1.pdf>


[154]

[155]

[156]

[157] [158]

[159]

[160]

[161]
File: 05-tIndSample_files/figure-latex/unnamed-chunk-76-1.pdf Graphic file (type pdf)
<use 05-tIndSample_files/figure-latex/unnamed-chunk-76-1.pdf>


[162]

[163]
File: 05-tIndSample_files/figure-latex/unnamed-chunk-81-1.pdf Graphic file (type pdf)
<use 05-tIndSample_files/figure-latex/unnamed-chunk-81-1.pdf>


[164]

[165]

[166]

[167]

[168]

[169]

[170

]
Chapter 6.


[171]
Underfull \hbox (badness 10000) in paragraph at lines 6631--6632
[][][][][][][][][][] [] [][][] [] [][][][][][][][][][][] [] [][][][][][][] [] [][][][][][][][][][] [] [][][][] [] [][] [] [][][][][][][][] [] [][][][][][][][][][] [] [][][][] [] [][] [][]
 []



[172]
File: images/ttests/prepost_paired.jpg Graphic file (type bmp)
<images/ttests/prepost_paired.jpg>
File: images/ttests/conditions_paired.jpg Graphic file (type bmp)
<images/ttests/conditions_paired.jpg>


[173]
File: images/ttests/PairedSampleWrkFlw.jpg Graphic file (type bmp)
<images/ttests/PairedSampleWrkFlw.jpg>


[174]

[175]
Overfull \hbox (110.8686pt too wide) in paragraph at lines 6773--6773
[]\TU/lmtt/m/n/10.95 i Use the conflicted package (<http://conflicted.r-lib.org/>) to force all conflicts to become errors[] 
 []



[176]

[177]
File: 06-tPairedSamples_files/figure-latex/unnamed-chunk-7-1.pdf Graphic file (type pdf)
<use 06-tPairedSamples_files/figure-latex/unnamed-chunk-7-1.pdf>


[178]

[179]

[180]

[181]

[182]
File: images/ttests/PairedAssmptns.jpg Graphic file (type bmp)
<images/ttests/PairedAssmptns.jpg>


[183]

[184]
File: images/ttests/PairedT.jpg Graphic file (type bmp)
<images/ttests/PairedT.jpg>


[185]

[186]

[187]

[188]

[189]
File: 06-tPairedSamples_files/figure-latex/unnamed-chunk-28-1.pdf Graphic file (type pdf)
<use 06-tPairedSamples_files/figure-latex/unnamed-chunk-28-1.pdf>

Underfull \vbox (badness 10000) has occurred while \output is active []



[190]

[191]

[192]
Overfull \hbox (20.69589pt too wide) in paragraph at lines 7566--7567
[]\TU/lmr/m/n/10.95 The new results remain non-significant: $[][][][][][][][] [] [][][][][][][] [] [] [][][][][][] [] [] [][][][][][][] [][][][][][][][][][][][] [][][][][][]$.
 []



[193]

[194] [195]

[196]

[197]

[198]
File: 06-tPairedSamples_files/figure-latex/unnamed-chunk-80-1.pdf Graphic file (type pdf)
<use 06-tPairedSamples_files/figure-latex/unnamed-chunk-80-1.pdf>


[199]

[200]

[201]
File: 06-tPairedSamples_files/figure-latex/unnamed-chunk-86-1.pdf Graphic file (type pdf)
<use 06-tPairedSamples_files/figure-latex/unnamed-chunk-86-1.pdf>

Underfull \vbox (badness 10000) has occurred while \output is active []



[202]

[203]

[204]

[205]

[206]

[207]

[208

]

[209]

[210

]
Chapter 7.


[211]
Underfull \hbox (badness 10000) in paragraph at lines 8306--8307
\TU/lmr/m/n/10.95 from [][]$[][][][][] [] [] [] [][][][][] [] [][][][][][][][][][] [] [][][] [] [][][][][][][][][][][] [] [][][][][][][] [] [][][][][][][][][][] [] [][][][] [] [][] [] [][][][][][][][] []
 []


Underfull \hbox (badness 10000) in paragraph at lines 8306--8307
[][][][][][][][][][] [] [][][][] [] [][] [][] [][] [] [][][][][][][][] [] [][][] [] [][][][][][][][][][] [] [][][][][][][][] [] [][][] [] [][][][][] [] [][][][][][][][][] []
 []



[212]
File: images/oneway/OnewayWrkFlw.jpg Graphic file (type bmp)
<images/oneway/OnewayWrkFlw.jpg>

Underfull \hbox (badness 10000) in paragraph at lines 8347--8348
[][] \TU/lmr/m/n/10.95 Utilizing one-way
 []


Underfull \vbox (badness 10000) has occurred while \output is active []



[213]

[214]

[215]

[216]

[217]

[218]
File: 07-OnewayANOVA_files/figure-latex/unnamed-chunk-15-1.pdf Graphic file (type pdf)
<use 07-OnewayANOVA_files/figure-latex/unnamed-chunk-15-1.pdf>


[219]

[220]
File: 07-OnewayANOVA_files/figure-latex/unnamed-chunk-16-1.pdf Graphic file (type pdf)
<use 07-OnewayANOVA_files/figure-latex/unnamed-chunk-16-1.pdf>
File: 07-OnewayANOVA_files/figure-latex/unnamed-chunk-17-1.pdf Graphic file (type pdf)
<use 07-OnewayANOVA_files/figure-latex/unnamed-chunk-17-1.pdf>


[221]

[222]

[223]

[224]

[225]

[226]

[227]

[228]

[229]

[230]

[231]

[232]
Underfull \hbox (badness 1642) in paragraph at lines 9386--9387
[]\TU/lmr/m/n/10.95 We can also use a look-up function, which follows this general form: qf(p, df1, df2.
 []

File: images/oneway/OnewayWrkFlw_Asmptns.jpg Graphic file (type bmp)
<images/oneway/OnewayWrkFlw_Asmptns.jpg>


[233]

[234]

[235]

[236]
File: 07-OnewayANOVA_files/figure-latex/unnamed-chunk-45-1.pdf Graphic file (type pdf)
<use 07-OnewayANOVA_files/figure-latex/unnamed-chunk-45-1.pdf>

Underfull \vbox (badness 10000) has occurred while \output is active []



[237]

[238]

[239]
File: images/oneway/OnewayWrkFlw_omnibus.jpg Graphic file (type bmp)
<images/oneway/OnewayWrkFlw_omnibus.jpg>


[240]

[241]

[242]

[243]

LaTeX Warning: Hyper reference `type1' on page 244 undefined on input line 9746.

File: images/oneway/OnewayWrkFlw_phoc.jpg Graphic file (type bmp)
<images/oneway/OnewayWrkFlw_phoc.jpg>


[244]

[245]
File: 07-OnewayANOVA_files/figure-latex/unnamed-chunk-56-1.pdf Graphic file (type pdf)
<use 07-OnewayANOVA_files/figure-latex/unnamed-chunk-56-1.pdf>


[246]
File: images/oneway/OnewayWrkFlw_planned.jpg Graphic file (type bmp)
<images/oneway/OnewayWrkFlw_planned.jpg>


[247]

[248]

[249]
File: 07-OnewayANOVA_files/figure-latex/unnamed-chunk-58-1.pdf Graphic file (type pdf)
<use 07-OnewayANOVA_files/figure-latex/unnamed-chunk-58-1.pdf>

Underfull \vbox (badness 10000) has occurred while \output is active []



[250]

[251]

[252]
Underfull \hbox (badness 10000) in paragraph at lines 10038--10040

 []



[253]
File: images/oneway/OnewayWrkFlw_poly.jpg Graphic file (type bmp)
<images/oneway/OnewayWrkFlw_poly.jpg>


[254]

[255]

[256]

[257]

[258]
Overfull \hbox (139.61235pt too wide) in paragraph at lines 10273--10273
[]\TU/lmtt/m/n/10.95 Note: Values in square brackets indicate the bounds of the 90% confidence interval for partial eta-squared[] 
 []



[259]
File: 07-OnewayANOVA_files/figure-latex/unnamed-chunk-69-1.pdf Graphic file (type pdf)
<use 07-OnewayANOVA_files/figure-latex/unnamed-chunk-69-1.pdf>

Underfull \vbox (badness 10000) has occurred while \output is active []



[260]

[261]

[262]

[263]

[264]

[265]

[266]
File: 07-OnewayANOVA_files/figure-latex/unnamed-chunk-157-1.pdf Graphic file (type pdf)
<use 07-OnewayANOVA_files/figure-latex/unnamed-chunk-157-1.pdf>


[267]
File: 07-OnewayANOVA_files/figure-latex/unnamed-chunk-160-1.pdf Graphic file (type pdf)
<use 07-OnewayANOVA_files/figure-latex/unnamed-chunk-160-1.pdf>

Underfull \vbox (badness 3568) has occurred while \output is active []



[268]

[269]

[270]

[271]
Overfull \hbox (139.61235pt too wide) in paragraph at lines 10863--10863
[]\TU/lmtt/m/n/10.95 Note: Values in square brackets indicate the bounds of the 90% confidence interval for partial eta-squared[] 
 []



[272]
File: 07-OnewayANOVA_files/figure-latex/unnamed-chunk-167-1.pdf Graphic file (type pdf)
<use 07-OnewayANOVA_files/figure-latex/unnamed-chunk-167-1.pdf>


[273]

[274]

[275]

[276]

[277]

[278]
Underfull \hbox (badness 1642) in paragraph at lines 11226--11227
[]\TU/lmr/m/n/10.95 We can also use a look-up function, which follows this general form: qf(p, df1, df2.
 []



[279]

[280]
Chapter 8.


[281

]

[282]
Underfull \hbox (badness 10000) in paragraph at lines 11405--11406
[][][][][][][][][][] [] [][][] [] [][][][][][][][][][][] [] [][][][][][][] [] [][][][][][][][][][] [] [][][][] [] [][] [] [][][][][][][][] [] [][][][][][][][][][] [] [][][][] [] [][] [][]
 []



[283]
File: images/factorial/modfigs.jpg Graphic file (type bmp)
<images/factorial/modfigs.jpg>
File: images/factorial/TwoWayWrkFlo.jpg Graphic file (type bmp)
<images/factorial/TwoWayWrkFlo.jpg>


[284]

[285]
Underfull \hbox (badness 10000) in paragraph at lines 11518--11520

 []



[286]
Overfull \hbox (18.88863pt too wide) in paragraph at lines 11626--11626
[]\TU/lmtt/m/n/10.95 ##  $ Rater   : Factor w/ 3 levels "Dayaknese","Javanese",..: 1 1 1 1 1 1 1 1 1 1 ...[] 
 []



[287]
Overfull \hbox (1.64238pt too wide) in paragraph at lines 11626--11626
[]\TU/lmtt/m/n/10.95 ##  $ Photo   : Factor w/ 2 levels "Dayaknese","Madurese": 1 1 1 1 1 1 1 1 1 1 ...[] 
 []



[288]
File: 08-FactorialANOVA_files/figure-latex/unnamed-chunk-10-1.pdf Graphic file (type pdf)
<use 08-FactorialANOVA_files/figure-latex/unnamed-chunk-10-1.pdf>


[289]
File: 08-FactorialANOVA_files/figure-latex/unnamed-chunk-11-1.pdf Graphic file (type pdf)
<use 08-FactorialANOVA_files/figure-latex/unnamed-chunk-11-1.pdf>
File: 08-FactorialANOVA_files/figure-latex/unnamed-chunk-12-1.pdf Graphic file (type pdf)
<use 08-FactorialANOVA_files/figure-latex/unnamed-chunk-12-1.pdf>

Underfull \vbox (badness 10000) has occurred while \output is active []



[290]
File: 08-FactorialANOVA_files/figure-latex/unnamed-chunk-13-1.pdf Graphic file (type pdf)
<use 08-FactorialANOVA_files/figure-latex/unnamed-chunk-13-1.pdf>


[291]
File: images/factorial/partition.png Graphic file (type bmp)
<images/factorial/partition.png>


[292]

[293]

[294]

[295]

[296]

[297]
File: images/factorial/partition.png Graphic file (type bmp)
<images/factorial/partition.png>


[298]

[299]

[300]
File: images/factorial/WrkFlw_Assumptions.jpg Graphic file (type bmp)
<images/factorial/WrkFlw_Assumptions.jpg>


[301]

[302]

[303]

[304]
File: 08-FactorialANOVA_files/figure-latex/unnamed-chunk-38-1.pdf Graphic file (type pdf)
<use 08-FactorialANOVA_files/figure-latex/unnamed-chunk-38-1.pdf>


[305]
File: 08-FactorialANOVA_files/figure-latex/unnamed-chunk-39-1.pdf Graphic file (type pdf)
<use 08-FactorialANOVA_files/figure-latex/unnamed-chunk-39-1.pdf>


[306]
Overfull \hbox (7.39113pt too wide) in paragraph at lines 12599--12599
[]\TU/lmtt/m/n/10.95 ##   Rater     Photo   ID    Negative Positive  m_dev m_devSQ is.outlier is.extreme[] 
 []



[307]

[308]
File: images/factorial/WrkFlw_Omnibus.jpg Graphic file (type bmp)
<images/factorial/WrkFlw_Omnibus.jpg>


[309]

[310]

LaTeX Warning: Hyper reference `moRe' on page 311 undefined on input line 12734.



[311]

[312]
File: images/factorial/WrkFlo_IntSmp1.jpg Graphic file (type bmp)
<images/factorial/WrkFlo_IntSmp1.jpg>


[313]

[314]
Overfull \hbox (7.39113pt too wide) in paragraph at lines 12838--12838
[]\TU/lmtt/m/n/10.95 ##   Rater     term  .y.     group1 group2 null.value estimate    se    df conf.low[] 
 []


Overfull \hbox (7.39113pt too wide) in paragraph at lines 12838--12838
[]\TU/lmtt/m/n/10.95 ## * <fct>     <chr> <chr>   <chr>  <chr>       <dbl>    <dbl> <dbl> <dbl>    <dbl>[] 
 []


Overfull \hbox (1.64238pt too wide) in paragraph at lines 12838--12838
[]\TU/lmtt/m/n/10.95 ## 1 Dayaknese Photo Negati~ Dayak~ Madur~          0 -1.31    0.294   105   -1.89[] 
 []


Overfull \hbox (1.64238pt too wide) in paragraph at lines 12838--12838
[]\TU/lmtt/m/n/10.95 ## 2 Javanese  Photo Negati~ Dayak~ Madur~          0 -0.941   0.286   105   -1.51[] 
 []


Overfull \hbox (7.39113pt too wide) in paragraph at lines 12838--12838
[]\TU/lmtt/m/n/10.95 ## 3 Madurese  Photo Negati~ Dayak~ Madur~          0  0.00334 0.278   105   -0.549[] 
 []

File: 08-FactorialANOVA_files/figure-latex/unnamed-chunk-49-1.pdf Graphic file (type pdf)
<use 08-FactorialANOVA_files/figure-latex/unnamed-chunk-49-1.pdf>


[315]
File: images/factorial/WrkFlo_IntSmp2.jpg Graphic file (type bmp)
<images/factorial/WrkFlo_IntSmp2.jpg>


[316]

[317]
Overfull \hbox (7.39113pt too wide) in paragraph at lines 12931--12931
[]\TU/lmtt/m/n/10.95 ##   Photo   term  .y.   group1 group2    df statistic       p   p.adj p.adj.signif[] 
 []



[318]
Overfull \hbox (7.39113pt too wide) in paragraph at lines 12956--12956
[]\TU/lmtt/m/n/10.95 ##   Photo   term  .y.   group1 group2    df statistic       p   p.adj p.adj.signif[] 
 []

File: 08-FactorialANOVA_files/figure-latex/unnamed-chunk-53-1.pdf Graphic file (type pdf)
<use 08-FactorialANOVA_files/figure-latex/unnamed-chunk-53-1.pdf>

Underfull \vbox (badness 10000) has occurred while \output is active []



[319]

LaTeX Warning: Hyper reference `moRe' on page 320 undefined on input line 12982.



[320]
File: images/factorial/WayWrkFlw_Main.jpg Graphic file (type bmp)
<images/factorial/WayWrkFlw_Main.jpg>


[321]

[322]
File: 08-FactorialANOVA_files/figure-latex/unnamed-chunk-56-1.pdf Graphic file (type pdf)
<use 08-FactorialANOVA_files/figure-latex/unnamed-chunk-56-1.pdf>

Underfull \vbox (badness 10000) has occurred while \output is active []



[323]
File: images/factorial/wfMain_PH.jpg Graphic file (type bmp)
<images/factorial/wfMain_PH.jpg>


[324]

[325]
Overfull \hbox (7.39113pt too wide) in paragraph at lines 13126--13126
[]\TU/lmtt/m/n/10.95 ##   estimate estimate1 estimate2 .y.     group1 group2    n1    n2 statistic     p[] 
 []


Overfull \hbox (7.39113pt too wide) in paragraph at lines 13126--13126
[]\TU/lmtt/m/n/10.95 ## *    <dbl>     <dbl>     <dbl> <chr>   <chr>  <chr>  <int> <int>     <dbl> <dbl>[] 
 []


Overfull \hbox (7.39113pt too wide) in paragraph at lines 13126--13126
[]\TU/lmtt/m/n/10.95 ## 1   -0.515      2.49      3.01 Negati~ Dayak~ Javan~    35    37     -2.59 0.012[] 
 []


Overfull \hbox (7.39113pt too wide) in paragraph at lines 13126--13126
[]\TU/lmtt/m/n/10.95 ## 2   -0.807      2.49      3.30 Negati~ Dayak~ Madur~    35    39     -3.39 0.001[] 
 []


Overfull \hbox (7.39113pt too wide) in paragraph at lines 13126--13126
[]\TU/lmtt/m/n/10.95 ## 3   -0.292      3.01      3.30 Negati~ Javan~ Madur~    37    39     -1.25 0.214[] 
 []

File: 08-FactorialANOVA_files/figure-latex/unnamed-chunk-58-1.pdf Graphic file (type pdf)
<use 08-FactorialANOVA_files/figure-latex/unnamed-chunk-58-1.pdf>


[326]
File: images/factorial/wfMain_Plnd.jpg Graphic file (type bmp)
<images/factorial/wfMain_Plnd.jpg>


[327]

[328]

[329]
File: 08-FactorialANOVA_files/figure-latex/unnamed-chunk-63-1.pdf Graphic file (type pdf)
<use 08-FactorialANOVA_files/figure-latex/unnamed-chunk-63-1.pdf>


[330]
File: images/factorial/wfMain_Poly.jpg Graphic file (type bmp)
<images/factorial/wfMain_Poly.jpg>

Underfull \vbox (badness 10000) has occurred while \output is active []



[331]

[332]
File: 08-FactorialANOVA_files/figure-latex/unnamed-chunk-66-1.pdf Graphic file (type pdf)
<use 08-FactorialANOVA_files/figure-latex/unnamed-chunk-66-1.pdf>


[333]

LaTeX Warning: Hyper reference `moRe' on page 334 undefined on input line 13382.

File: images/factorial/WrkFlw_mypath.jpg Graphic file (type bmp)
<images/factorial/WrkFlw_mypath.jpg>


[334]

[335]
File: 08-FactorialANOVA_files/figure-latex/unnamed-chunk-67-1.pdf Graphic file (type pdf)
<use 08-FactorialANOVA_files/figure-latex/unnamed-chunk-67-1.pdf>

Underfull \vbox (badness 10000) has occurred while \output is active []



[336]
Overfull \hbox (53.38112pt too wide) in paragraph at lines 13435--13435
[]\TU/lmtt/m/n/10.95 ## Means and standard deviations for Negative as a function of a 3(Rater) X 2(Photo) design[] 
 []



[337]
Overfull \hbox (156.8586pt too wide) in paragraph at lines 13458--13458
[]\TU/lmtt/m/n/10.95 ## Note: Values in square brackets indicate the bounds of the 90% confidence interval for partial eta-squared[] 
 []



[338]

[339]

[340]

[341]

[342]

[343]

[344]

[345]

[346]

[347]
File: 08-FactorialANOVA_files/figure-latex/unnamed-chunk-167-1.pdf Graphic file (type pdf)
<use 08-FactorialANOVA_files/figure-latex/unnamed-chunk-167-1.pdf>

Underfull \vbox (badness 10000) has occurred while \output is active []



[348]

[349]
File: 08-FactorialANOVA_files/figure-latex/unnamed-chunk-171-1.pdf Graphic file (type pdf)
<use 08-FactorialANOVA_files/figure-latex/unnamed-chunk-171-1.pdf>


[350]
File: 08-FactorialANOVA_files/figure-latex/unnamed-chunk-172-1.pdf Graphic file (type pdf)
<use 08-FactorialANOVA_files/figure-latex/unnamed-chunk-172-1.pdf>

Underfull \vbox (badness 10000) has occurred while \output is active []



[351]

[352]

[353]

[354]
Overfull \hbox (7.39113pt too wide) in paragraph at lines 14268--14268
[]\TU/lmtt/m/n/10.95 ##   Dept  term  .y.     group1 group2    df statistic       p   p.adj p.adj.signif[] 
 []



[355]

[356]
Overfull \hbox (41.88362pt too wide) in paragraph at lines 14324--14324
[]\TU/lmtt/m/n/10.95 ## Means and standard deviations for TradPed as a function of a 2(Dept) X 3(Stage) design[] 
 []


Overfull \hbox (7.39113pt too wide) in paragraph at lines 14324--14324
[]\TU/lmtt/m/n/10.95 ## Marginal indicates the means and standard deviations pertaining to main effects.[] 
 []

File: 08-FactorialANOVA_files/figure-latex/unnamed-chunk-179-1.pdf Graphic file (type pdf)
<use 08-FactorialANOVA_files/figure-latex/unnamed-chunk-179-1.pdf>

Underfull \vbox (badness 10000) has occurred while \output is active []



[357]

[358]

[359]

[360]

[361]

[362]

[363]
Overfull \hbox (1.64238pt too wide) in paragraph at lines 14722--14722
[]\TU/lmtt/m/n/10.95 ##          item     group1 vars  n  mean    sd median trimmed   mad min max range[] 
 []


Overfull \hbox (1.64238pt too wide) in paragraph at lines 14722--14722
[]\TU/lmtt/m/n/10.95 ## TradPed1    1     Stable    1 50 4.348 0.658    4.4   4.440 0.890 2.6   5   2.4[] 
 []


Overfull \hbox (1.64238pt too wide) in paragraph at lines 14722--14722
[]\TU/lmtt/m/n/10.95 ## TradPed2    2 Transition    1 41 3.693 1.057    4.0   3.812 1.186 1.0   5   4.0[] 
 []


Overfull \hbox (1.64238pt too wide) in paragraph at lines 14722--14722
[]\TU/lmtt/m/n/10.95 ## TradPed3    3  Resettled    1 21 4.081 0.610    4.0   4.124 0.593 2.8   5   2.2[] 
 []



[364]

[365]

[366]

[367]

[368

]
Chapter 9.


[369]

[370]
File: images/oneway_repeated/repeated_conditions.jpg Graphic file (type bmp)
<images/oneway_repeated/repeated_conditions.jpg>
File: images/oneway_repeated/repeated_design.jpg Graphic file (type bmp)
<images/oneway_repeated/repeated_design.jpg>
File: images/oneway_repeated/wf_repeated.jpg Graphic file (type bmp)
<images/oneway_repeated/wf_repeated.jpg>


[371]

[372]
File: images/oneway_repeated/Amodio_design.jpg Graphic file (type bmp)
<images/oneway_repeated/Amodio_design.jpg>

Overfull \hbox (151.5302pt too wide) in paragraph at lines 15227--15228
 [][] 
 []



[373]
Overfull \hbox (1.64238pt too wide) in paragraph at lines 15284--15284
[] \TU/lmtt/m/n/10.95 $ Wave      : Factor w/ 3 levels "Pre","Post","FollowUp": 1 2 3 1 2 3 1 2 3 1 ...[] 
 []



[374]

[375]
Overfull \hbox (1.64238pt too wide) in paragraph at lines 15363--15363
[] \TU/lmtt/m/n/10.95 $ Wave      : Factor w/ 3 levels "Pre","Post","FollowUp": 1 2 3 1 2 3 1 2 3 1 ...[] 
 []



[376]
File: 09-OneWayRepeated_files/figure-latex/unnamed-chunk-13-1.pdf Graphic file (type pdf)
<use 09-OneWayRepeated_files/figure-latex/unnamed-chunk-13-1.pdf>

Underfull \vbox (badness 1762) has occurred while \output is active []



[377]
File: images/oneway_repeated/SourceTable.jpg Graphic file (type bmp)
<images/oneway_repeated/SourceTable.jpg>


[378]

[379]

[380]

[381]
File: images/oneway_repeated/SourceTable.jpg Graphic file (type bmp)
<images/oneway_repeated/SourceTable.jpg>


[382]

[383]
File: images/oneway_repeated/wf_rptd_assumptions.jpg Graphic file (type bmp)
<images/oneway_repeated/wf_rptd_assumptions.jpg>

LaTeX Warning: Hyper reference `RMmultiv' on page 384 undefined on input line 15839.



[384]

[385]
File: images/oneway_repeated/mauchly.jpg Graphic file (type bmp)
<images/oneway_repeated/mauchly.jpg>


[386]

[387]
File: 09-OneWayRepeated_files/figure-latex/unnamed-chunk-33-1.pdf Graphic file (type pdf)
<use 09-OneWayRepeated_files/figure-latex/unnamed-chunk-33-1.pdf>


[388]
File: 09-OneWayRepeated_files/figure-latex/unnamed-chunk-35-1.pdf Graphic file (type pdf)
<use 09-OneWayRepeated_files/figure-latex/unnamed-chunk-35-1.pdf>


[389]

[390]
File: images/oneway_repeated/wf_rptd_omnibus.jpg Graphic file (type bmp)
<images/oneway_repeated/wf_rptd_omnibus.jpg>


[391]

[392]
Overfull \hbox (1.64238pt too wide) in paragraph at lines 16105--16105
[] \TU/lmtt/m/n/10.95 $ Wave      : Factor w/ 3 levels "Pre","Post","FollowUp": 1 2 3 1 2 3 1 2 3 1 ...[] 
 []



[393]
File: images/oneway_repeated/wf_rptd_pairwise.jpg Graphic file (type bmp)
<images/oneway_repeated/wf_rptd_pairwise.jpg>


[394]

LaTeX Warning: Hyper reference `type1' on page 395 undefined on input line 16162.



[395]
File: 09-OneWayRepeated_files/figure-latex/unnamed-chunk-40-1.pdf Graphic file (type pdf)
<use 09-OneWayRepeated_files/figure-latex/unnamed-chunk-40-1.pdf>


[396]

[397]
File: images/oneway_repeated/Amodio_design.jpg Graphic file (type bmp)
<images/oneway_repeated/Amodio_design.jpg>

Overfull \hbox (151.5302pt too wide) in paragraph at lines 16299--16300
 [][] 
 []



[398]

[399]

[400]

[401]

[402]

[403]
File: 09-OneWayRepeated_files/figure-latex/unnamed-chunk-105-1.pdf Graphic file (type pdf)
<use 09-OneWayRepeated_files/figure-latex/unnamed-chunk-105-1.pdf>

Underfull \hbox (badness 1215) in paragraph at lines 16643--16644
[]\TU/lmr/m/n/10.95 We can examine skew and kurtosis in each of the levels of the TradPed variable with
 []



[404]

[405]
File: 09-OneWayRepeated_files/figure-latex/unnamed-chunk-109-1.pdf Graphic file (type pdf)
<use 09-OneWayRepeated_files/figure-latex/unnamed-chunk-109-1.pdf>


[406]

[407]

[408]
File: 09-OneWayRepeated_files/figure-latex/unnamed-chunk-113-1.pdf Graphic file (type pdf)
<use 09-OneWayRepeated_files/figure-latex/unnamed-chunk-113-1.pdf>


[409]

[410]

[411]

[412]

[413]
Underfull \vbox (badness 10000) has occurred while \output is active []



[414]
Underfull \vbox (badness 10000) has occurred while \output is active []



[415]

[416]

[417]

[418]

[419]

[420

]
Chapter 10.


[421]

[422]
File: images/mixed/MixedDesign.png Graphic file (type bmp)
<images/mixed/MixedDesign.png>


[423]
File: images/mixed/mx_workflow.jpg Graphic file (type bmp)
<images/mixed/mx_workflow.jpg>


[424]

[425]
File: images/mixed/Murrar_design.jpg Graphic file (type bmp)
<images/mixed/Murrar_design.jpg>


[426]

[427]

[428]
File: 10-MixedANOVA_files/figure-latex/unnamed-chunk-12-1.pdf Graphic file (type pdf)
<use 10-MixedANOVA_files/figure-latex/unnamed-chunk-12-1.pdf>

Underfull \vbox (badness 10000) has occurred while \output is active []



[429]
File: 10-MixedANOVA_files/figure-latex/unnamed-chunk-13-1.pdf Graphic file (type pdf)
<use 10-MixedANOVA_files/figure-latex/unnamed-chunk-13-1.pdf>

Underfull \vbox (badness 10000) has occurred while \output is active []



[430]
File: 10-MixedANOVA_files/figure-latex/unnamed-chunk-14-1.pdf Graphic file (type pdf)
<use 10-MixedANOVA_files/figure-latex/unnamed-chunk-14-1.pdf>

Underfull \vbox (badness 10000) has occurred while \output is active []



[431]
File: 10-MixedANOVA_files/figure-latex/unnamed-chunk-15-1.pdf Graphic file (type pdf)
<use 10-MixedANOVA_files/figure-latex/unnamed-chunk-15-1.pdf>

Underfull \vbox (badness 10000) has occurred while \output is active []



[432]
File: images/mixed/mx_Assumptions.jpg Graphic file (type bmp)
<images/mixed/mx_Assumptions.jpg>


[433]

[434]

[435]
File: 10-MixedANOVA_files/figure-latex/unnamed-chunk-19-1.pdf Graphic file (type pdf)
<use 10-MixedANOVA_files/figure-latex/unnamed-chunk-19-1.pdf>


[436]
File: 10-MixedANOVA_files/figure-latex/unnamed-chunk-20-1.pdf Graphic file (type pdf)
<use 10-MixedANOVA_files/figure-latex/unnamed-chunk-20-1.pdf>

Underfull \vbox (badness 10000) has occurred while \output is active []



[437]

[438]
File: 10-MixedANOVA_files/figure-latex/unnamed-chunk-22-1.pdf Graphic file (type pdf)
<use 10-MixedANOVA_files/figure-latex/unnamed-chunk-22-1.pdf>


[439]

[440]

[441]
File: images/mixed/mx_omnibus.jpg Graphic file (type bmp)
<images/mixed/mx_omnibus.jpg>


[442]

[443]

LaTeX Warning: Hyper reference `RMmultiv' on page 444 undefined on input line 18245.



[444]
File: images/mixed/mx_SimpleMainA.jpg Graphic file (type bmp)
<images/mixed/mx_SimpleMainA.jpg>


[445]

[446]

[447]
File: 10-MixedANOVA_files/figure-latex/unnamed-chunk-32-1.pdf Graphic file (type pdf)
<use 10-MixedANOVA_files/figure-latex/unnamed-chunk-32-1.pdf>

Underfull \vbox (badness 10000) has occurred while \output is active []



[448]
File: images/mixed/mx_SimplemainB.jpg Graphic file (type bmp)
<images/mixed/mx_SimplemainB.jpg>


[449]

[450]

[451]

[452]
File: 10-MixedANOVA_files/figure-latex/unnamed-chunk-36-1.pdf Graphic file (type pdf)
<use 10-MixedANOVA_files/figure-latex/unnamed-chunk-36-1.pdf>


[453]
File: images/mixed/mx_main.jpg Graphic file (type bmp)
<images/mixed/mx_main.jpg>


[454]
File: 10-MixedANOVA_files/figure-latex/unnamed-chunk-38-1.pdf Graphic file (type pdf)
<use 10-MixedANOVA_files/figure-latex/unnamed-chunk-38-1.pdf>

Underfull \vbox (badness 10000) has occurred while \output is active []



[455]

[456]
File: 10-MixedANOVA_files/figure-latex/unnamed-chunk-39-1.pdf Graphic file (type pdf)
<use 10-MixedANOVA_files/figure-latex/unnamed-chunk-39-1.pdf>

Underfull \vbox (badness 10000) has occurred while \output is active []



[457]

[458]

[459]

[460]
Underfull \hbox (badness 1472) in paragraph at lines 18787--18789
[]\TU/lmr/m/n/10.95 If mixed design ANOVA is new to you, perhaps you just change the number in
 []

[461]

[462]
Overfull \hbox (7.39113pt too wide) in paragraph at lines 18926--18926
[] \TU/lmtt/m/n/10.95 $ Course   : Factor w/ 3 levels "ANOVA","Multivariate",..: 1 1 1 1 1 1 1 1 1 1 ...[] 
 []



[463]
File: 10-MixedANOVA_files/figure-latex/unnamed-chunk-98-1.pdf Graphic file (type pdf)
<use 10-MixedANOVA_files/figure-latex/unnamed-chunk-98-1.pdf>

Underfull \vbox (badness 10000) has occurred while \output is active []



[464]

[465]

[466]
File: 10-MixedANOVA_files/figure-latex/unnamed-chunk-103-1.pdf Graphic file (type pdf)
<use 10-MixedANOVA_files/figure-latex/unnamed-chunk-103-1.pdf>
File: 10-MixedANOVA_files/figure-latex/unnamed-chunk-104-1.pdf Graphic file (type pdf)
<use 10-MixedANOVA_files/figure-latex/unnamed-chunk-104-1.pdf>

Underfull \vbox (badness 10000) has occurred while \output is active []



[467]

[468]

[469]

[470]

[471]

[472]
Overfull \hbox (47.63237pt too wide) in paragraph at lines 19305--19305
[]\TU/lmtt/m/n/10.95 Means and standard deviations for SRPed as a function of a 3(Course) X 2(Centering) design[] 
 []

File: 10-MixedANOVA_files/figure-latex/unnamed-chunk-111-1.pdf Graphic file (type pdf)
<use 10-MixedANOVA_files/figure-latex/unnamed-chunk-111-1.pdf>

Underfull \vbox (badness 10000) has occurred while \output is active []



[473]

[474]

[475]

[476

]
Chapter 11.


[477]

[478]

[479]
File: images/ANCOVA/wf_ancova.jpg Graphic file (type bmp)
<images/ANCOVA/wf_ancova.jpg>


[480]

[481]
File: images/mixed/Murrar_design.jpg Graphic file (type bmp)
<images/mixed/Murrar_design.jpg>


[482]

[483]

[484]
Overfull \hbox (7.39113pt too wide) in paragraph at lines 19783--19783
[] \TU/lmtt/m/n/10.95 $ COND      : Factor w/ 2 levels "Friends","LittleMosque": 1 1 1 1 1 1 1 1 1 1 ...[] 
 []



[485]
File: images/ANCOVA/wf_ANCOVA_assumptions.jpg Graphic file (type bmp)
<images/ANCOVA/wf_ANCOVA_assumptions.jpg>


[486]

[487]
File: 11-ANCOVA_files/figure-latex/unnamed-chunk-10-1.pdf Graphic file (type pdf)
<use 11-ANCOVA_files/figure-latex/unnamed-chunk-10-1.pdf>


[488]

[489]

[490]
File: images/ANCOVA/wf_ANCOVA_omnibus.jpg Graphic file (type bmp)
<images/ANCOVA/wf_ANCOVA_omnibus.jpg>


[491]

[492]

[493]
Overfull \hbox (7.39113pt too wide) in paragraph at lines 20137--20137
[] \TU/lmtt/m/n/10.95 To see confidence intervals of the correlations, print with the short=FALSE option[] 
 []



[494]

[495]
File: 11-ANCOVA_files/figure-latex/unnamed-chunk-24-1.pdf Graphic file (type pdf)
<use 11-ANCOVA_files/figure-latex/unnamed-chunk-24-1.pdf>

Underfull \vbox (badness 10000) has occurred while \output is active []



[496]

[497]
File: images/ANCOVA/wf_ANCOVA_assumptions.jpg Graphic file (type bmp)
<images/ANCOVA/wf_ANCOVA_assumptions.jpg>


[498]


Overfull \hbox (158.68079pt too wide) has occurred while \output is active
\TU/lmr/m/sl/10.95 11.5.  WORKING THE ANCOVA  SCENARIO #2: CONTROLLING FOR A CONFOUNDING OR COVARYING VARIABLE \TU/lmr/m/n/10.95 499
 []

[499]
File: 11-ANCOVA_files/figure-latex/unnamed-chunk-25-1.pdf Graphic file (type pdf)
<use 11-ANCOVA_files/figure-latex/unnamed-chunk-25-1.pdf>

Underfull \vbox (badness 10000) has occurred while \output is active []



[500]


Overfull \hbox (158.68079pt too wide) has occurred while \output is active
\TU/lmr/m/sl/10.95 11.5.  WORKING THE ANCOVA  SCENARIO #2: CONTROLLING FOR A CONFOUNDING OR COVARYING VARIABLE \TU/lmr/m/n/10.95 501
 []

[501]

[502]
File: images/ANCOVA/wf_ANCOVA_omnibus.jpg Graphic file (type bmp)
<images/ANCOVA/wf_ANCOVA_omnibus.jpg>



Overfull \hbox (158.68079pt too wide) has occurred while \output is active
\TU/lmr/m/sl/10.95 11.5.  WORKING THE ANCOVA  SCENARIO #2: CONTROLLING FOR A CONFOUNDING OR COVARYING VARIABLE \TU/lmr/m/n/10.95 503
 []

[503]

[504]


Overfull \hbox (158.68079pt too wide) has occurred while \output is active
\TU/lmr/m/sl/10.95 11.5.  WORKING THE ANCOVA  SCENARIO #2: CONTROLLING FOR A CONFOUNDING OR COVARYING VARIABLE \TU/lmr/m/n/10.95 505
 []

[505]

[506]
File: 11-ANCOVA_files/figure-latex/unnamed-chunk-38-1.pdf Graphic file (type pdf)
<use 11-ANCOVA_files/figure-latex/unnamed-chunk-38-1.pdf>

Underfull \vbox (badness 10000) has occurred while \output is active []




Overfull \hbox (158.68079pt too wide) has occurred while \output is active
\TU/lmr/m/sl/10.95 11.5.  WORKING THE ANCOVA  SCENARIO #2: CONTROLLING FOR A CONFOUNDING OR COVARYING VARIABLE \TU/lmr/m/n/10.95 507
 []

[507]

[508]

[509]

[510]

[511]

[512]

[513]
File: 11-ANCOVA_files/figure-latex/unnamed-chunk-89-1.pdf Graphic file (type pdf)
<use 11-ANCOVA_files/figure-latex/unnamed-chunk-89-1.pdf>


[514]

[515]

[516]

[517]

[518]
File: 11-ANCOVA_files/figure-latex/unnamed-chunk-100-1.pdf Graphic file (type pdf)
<use 11-ANCOVA_files/figure-latex/unnamed-chunk-100-1.pdf>

Underfull \vbox (badness 10000) has occurred while \output is active []



[519]

[520]

[521

]

[522

]
Chapter 12.


[523]

[524]
Overfull \hbox (110.8686pt too wide) in paragraph at lines 21283--21283
[]\TU/lmtt/m/n/10.95 i Use the conflicted package (<http://conflicted.r-lib.org/>) to force all conflicts to become errors[] 
 []

File: 20-Correlation_files/figure-latex/unnamed-chunk-4-1.pdf Graphic file (type pdf)
<use 20-Correlation_files/figure-latex/unnamed-chunk-4-1.pdf>

Underfull \vbox (badness 10000) has occurred while \output is active []



[525]
Underfull \vbox (badness 10000) has occurred while \output is active []



[526]
File: images/Correlation/CorrelationFlowchart.jpg Graphic file (type bmp)
<images/Correlation/CorrelationFlowchart.jpg>
File: 20-Correlation_files/figure-latex/unnamed-chunk-5-1.pdf Graphic file (type pdf)
<use 20-Correlation_files/figure-latex/unnamed-chunk-5-1.pdf>


[527]

[528]

[529]

[530]
Underfull \vbox (badness 10000) detected at line 21449
 []


Underfull \vbox (badness 10000) detected at line 21449
 []



[531]
Overfull \hbox (202.84857pt too wide) in paragraph at lines 21474--21474
[] \TU/lmtt/m/n/10.95 $ DepressiveSymptomsLevels: chr  "NormativeSeverity" "NormativeSeverity" "NormativeSeverity" "NormativeSeverity" ...[] 
 []


Overfull \hbox (208.59734pt too wide) in paragraph at lines 21474--21474
[] \TU/lmtt/m/n/10.95 $ SomaticSymptomsLevels   : chr  "NormativeSeverity" "BorderlineSeverity" "NormativeSeverity" "NormativeSeverity" ...[] 
 []


Overfull \hbox (202.84859pt too wide) in paragraph at lines 21474--21474
[] \TU/lmtt/m/n/10.95 $ AnxietySymptomsLevels   : chr  "NormativeSeverity" "NormativeSeverity" "NormativeSeverity" "NormativeSeverity" ...[] 
 []



[532]
Overfull \hbox (76.3761pt too wide) in paragraph at lines 21513--21513
[] \TU/lmtt/m/n/10.95 $ DepressiveSymptomsLevels: Factor w/ 3 levels "NormativeSeverity",..: 1 1 1 1 1 1 1 1 3 1 ...[] 
 []


Overfull \hbox (76.37611pt too wide) in paragraph at lines 21513--21513
[] \TU/lmtt/m/n/10.95 $ SomaticSymptomsLevels   : Factor w/ 3 levels "NormativeSeverity",..: 1 2 1 1 1 1 1 1 3 1 ...[] 
 []


Overfull \hbox (76.37611pt too wide) in paragraph at lines 21513--21513
[] \TU/lmtt/m/n/10.95 $ AnxietySymptomsLevels   : Factor w/ 3 levels "NormativeSeverity",..: 1 1 1 1 1 1 1 1 3 1 ...[] 
 []


Overfull \hbox (36.13487pt too wide) in paragraph at lines 21513--21513
[] \TU/lmtt/m/n/10.95 $ sex                     : Factor w/ 2 levels "Male","Female": 1 2 2 1 1 1 1 1 1 2 ...[] 
 []



[533]
File: 20-Correlation_files/figure-latex/unnamed-chunk-12-1.pdf Graphic file (type pdf)
<use 20-Correlation_files/figure-latex/unnamed-chunk-12-1.pdf>

Underfull \vbox (badness 10000) has occurred while \output is active []



[534]
Underfull \vbox (badness 1122) has occurred while \output is active []



[535]

[536]
Underfull \vbox (badness 10000) has occurred while \output is active []



[537]

[538]
Missing character: There is no  (U+1D6FC) in font [lmroman10-regular]:mapping=tex-text;!


[539]

[540]

[541]
File: images/Correlation/CorrelationFlowchart.jpg Graphic file (type bmp)
<images/Correlation/CorrelationFlowchart.jpg>


[542]

[543]

[544]
Underfull \vbox (badness 10000) has occurred while \output is active []



[545]

[546]

[547]
File: 20-Correlation_files/figure-latex/unnamed-chunk-27-1.pdf Graphic file (type pdf)
<use 20-Correlation_files/figure-latex/unnamed-chunk-27-1.pdf>
LaTeX Font Info:    Font shape `TU/latinmodern-math.otf(1)/m/n' will be
(Font)              scaled to size 14.4pt on input line 22154.
LaTeX Font Info:    Font shape `TU/latinmodern-math.otf(1)/m/n' will be
(Font)              scaled to size 10.0pt on input line 22154.
LaTeX Font Info:    Font shape `TU/latinmodern-math.otf(1)/m/n' will be
(Font)              scaled to size 7.0pt on input line 22154.
LaTeX Font Info:    Font shape `TU/latinmodern-math.otf(2)/m/n' will be
(Font)              scaled to size 14.4013pt on input line 22154.
LaTeX Font Info:    Font shape `TU/latinmodern-math.otf(2)/m/n' will be
(Font)              scaled to size 10.00092pt on input line 22154.
LaTeX Font Info:    Font shape `TU/latinmodern-math.otf(2)/m/n' will be
(Font)              scaled to size 7.00064pt on input line 22154.
LaTeX Font Info:    Font shape `TU/latinmodern-math.otf(3)/m/n' will be
(Font)              scaled to size 14.39845pt on input line 22154.
LaTeX Font Info:    Font shape `TU/latinmodern-math.otf(3)/m/n' will be
(Font)              scaled to size 9.99893pt on input line 22154.
LaTeX Font Info:    Font shape `TU/latinmodern-math.otf(3)/m/n' will be
(Font)              scaled to size 6.99925pt on input line 22154.


[548]

[549]

[550]

[551]

[552]

[553

]

[554

]
Chapter 13.


[555]

[556]

[557]

[558

]
Chapter 14.


[559]

[560]
File: images/factorial/WrkFlw_IntORTH.jpg Graphic file (type bmp)
<images/factorial/WrkFlw_IntORTH.jpg>


[561]

[562]

[563]

[564]
File: 32-moReTwoWay_files/figure-latex/unnamed-chunk-15-1.pdf Graphic file (type pdf)
<use 32-moReTwoWay_files/figure-latex/unnamed-chunk-15-1.pdf>

Underfull \vbox (badness 6758) has occurred while \output is active []



[565]
File: images/factorial/WrkFlw_Poly.jpg Graphic file (type bmp)
<images/factorial/WrkFlw_Poly.jpg>


[566]

[567]

[568]
File: 32-moReTwoWay_files/figure-latex/unnamed-chunk-19-1.pdf Graphic file (type pdf)
<use 32-moReTwoWay_files/figure-latex/unnamed-chunk-19-1.pdf>

Underfull \vbox (badness 1394) has occurred while \output is active []



[569]
File: images/factorial/WrkFlw_IntPH.jpg Graphic file (type bmp)
<images/factorial/WrkFlw_IntPH.jpg>


[570]

[571]

[572]

[573]
Overfull \hbox (1.64238pt too wide) in paragraph at lines 23007--23007
[]  \TU/lmtt/m/n/10.95 .. ..$ : chr [1:3] "Javanese-Dayaknese" "Madurese-Dayaknese" "Madurese-Javanese"[] 
 []


Overfull \hbox (611.00975pt too wide) in paragraph at lines 23007--23007
[]  \TU/lmtt/m/n/10.95 .. ..$ : chr [1:15] "Javanese:Dayaknese-Dayaknese:Dayaknese" "Dayaknese:Madurese-Dayaknese:Dayaknese" "Madurese:Madurese-Dayaknese:Dayaknese" "Madurese:Dayaknese-Dayaknese:Dayaknese" ...[] 
 []


Overfull \hbox (64.87862pt too wide) in paragraph at lines 23007--23007
[] \TU/lmtt/m/n/10.95 - attr(*, "orig.call")= language aov(formula = Negative ~ Rater * Photo, data = Ramdhani_df)[] 
 []

File: images/factorial/Holmsequential.jpg Graphic file (type bmp)
<images/factorial/Holmsequential.jpg>


[574]
File: images/factorial/HolmsSelect.jpg Graphic file (type bmp)
<images/factorial/HolmsSelect.jpg>

Underfull \hbox (badness 10000) in paragraph at lines 23065--23066
[][]
 []



[575]

[576

]
Chapter 15.


[577]


Overfull \hbox (4.8326pt too wide) has occurred while \output is active
\TU/lmr/m/n/10.95 578 \TU/lmr/m/sl/10.95 CHAPTER 15.  ONE-WAY REPEATED MEASURES WITH A MULTIVARIATE APPROACH
 []

[578]

[579]
Underfull \vbox (badness 10000) has occurred while \output is active []




Overfull \hbox (4.8326pt too wide) has occurred while \output is active
\TU/lmr/m/n/10.95 580 \TU/lmr/m/sl/10.95 CHAPTER 15.  ONE-WAY REPEATED MEASURES WITH A MULTIVARIATE APPROACH
 []

[580]

[581]


Overfull \hbox (4.8326pt too wide) has occurred while \output is active
\TU/lmr/m/n/10.95 582 \TU/lmr/m/sl/10.95 CHAPTER 15.  ONE-WAY REPEATED MEASURES WITH A MULTIVARIATE APPROACH
 []

[582] (./ReCenterPsychStats.bbl

[583

]


Overfull \hbox (4.8326pt too wide) has occurred while \output is active
\TU/lmr/m/n/10.95 584 \TU/lmr/m/sl/10.95 CHAPTER 15.  ONE-WAY REPEATED MEASURES WITH A MULTIVARIATE APPROACH
 []

[584

]

[585]

[586]
Underfull \hbox (badness 10000) in paragraph at lines 193--197
[][]$[][][][][] [] [] [] [][][][][] [] [][][][][][][][][][] [] [][][] [] [][][][][][][][][][][] [] [][][][][][][] [] [][][][][][][][][][] [] [][][][] [] [][] [] [][][][][][][][] [] [][][][][][][][][][] []
 []


Underfull \hbox (badness 2735) in paragraph at lines 199--203
[]\TU/lmr/m/n/10.95 Danielle Navarro.  Chapter 14: Comparing Several Means (One-Way ANOVA).  In
 []


Underfull \hbox (badness 2644) in paragraph at lines 199--203
\TU/lmr/m/it/10.95 Book: Learning Statistics with R - A tutorial for Psychology Students and other
 []


Underfull \hbox (badness 2600) in paragraph at lines 199--203
\TU/lmr/m/it/10.95 Beginners\TU/lmr/m/n/10.95 . Open Education Resource (OER) LibreTexts Project, July 2020b.  URL
 []


Underfull \hbox (badness 10000) in paragraph at lines 199--203
[][]$[][][][][] [] [] [] [][][][][] [] [][][][][][][][][][] [] [][][] [] [][][][][][][][][][][] [] [][][][][][][] [] [][][][][][][][][][] [] [][][][] [] [][] [] [][][][][][][][] [] [][][][][][][][][][] []
 []



[587]
Underfull \hbox (badness 10000) in paragraph at lines 244--250
[] [] [][][][][][] [] [][][][][][][][][] [] [][][] [] [][][][][] [] [][][][] [] [][][][][][] [] [][][][][][][][][][][][][] [] [][][][][] [] [][][][][][][] [] [][][][] [][] [][][][][] [][]
 []


Underfull \hbox (badness 1117) in paragraph at lines 252--258
[]\TU/lmr/m/n/10.95 Gail M. Wagnild and Heather M. Young.  Development and psychometric evaluation of
 []

)

[588] (./ReCenterPsychStats.aux)
 ***********
LaTeX2e <2024-06-01> patch level 2
L3 programming layer <2024-07-20>
 ***********

LaTeX Warning: There were undefined references.


LaTeX Warning: There were multiply-defined labels.

 ) 
Here is how much of TeX's memory you used:
 20950 strings out of 476234
 432538 string characters out of 5785539
 1963612 words of memory out of 5000000
 43117 multiletter control sequences out of 15000+600000
 567470 words of font info for 114 fonts, out of 8000000 for 9000
 14 hyphenation exceptions out of 8191
 90i,10n,123p,3743b,565s stack positions out of 10000i,1000n,20000p,200000b,200000s

Output written on ReCenterPsychStats.pdf (588 pages).
